   1              		.file	"eeprom.c"
   2              		.text
   3              	.Ltext0:
   4              		.section	.rodata
   5              		.align 8
   6              	.LC0:
   7 0000 66783257 		.string	"fx2WriteEEPROM(): This firmware does not seem to support EEPROM operations - try loading 
   7      72697465 
   7      45455052 
   7      4F4D2829 
   7      3A205468 
   8              		.text
   9              		.globl	fx2WriteEEPROM
  11              	fx2WriteEEPROM:
  12              	.LFB4:
  13              		.file 1 "eeprom.c"
   1:eeprom.c      **** /*
   2:eeprom.c      ****  * Copyright (C) 2009-2012 Chris McClelland
   3:eeprom.c      ****  *
   4:eeprom.c      ****  * This program is free software: you can redistribute it and/or modify
   5:eeprom.c      ****  * it under the terms of the GNU Lesser General Public License as published by
   6:eeprom.c      ****  * the Free Software Foundation, either version 3 of the License, or
   7:eeprom.c      ****  * (at your option) any later version.
   8:eeprom.c      ****  *
   9:eeprom.c      ****  * This program is distributed in the hope that it will be useful,
  10:eeprom.c      ****  * but WITHOUT ANY WARRANTY; without even the implied warranty of
  11:eeprom.c      ****  * MERCHANTABILITY or FITNESS FOR A PARTICULAR PURPOSE.  See the
  12:eeprom.c      ****  * GNU Lesser General Public License for more details.
  13:eeprom.c      ****  *
  14:eeprom.c      ****  * You should have received a copy of the GNU Lesser General Public License
  15:eeprom.c      ****  * along with this program.  If not, see <http://www.gnu.org/licenses/>.
  16:eeprom.c      ****  */
  17:eeprom.c      **** #include <makestuff.h>
  18:eeprom.c      **** #include <libusbwrap.h>
  19:eeprom.c      **** #include <liberror.h>
  20:eeprom.c      **** #include <libbuffer.h>
  21:eeprom.c      **** #include "libfx2loader.h"
  22:eeprom.c      **** #include "vendorCommands.h"
  23:eeprom.c      **** 
  24:eeprom.c      **** #define A2_ERROR ": This firmware does not seem to support EEPROM operations - try loading an appro
  25:eeprom.c      **** #define BLOCK_SIZE 4096
  26:eeprom.c      **** 
  27:eeprom.c      **** // Write the supplied reader buffer to EEPROM, using the supplied VID/PID.
  28:eeprom.c      **** //
  29:eeprom.c      **** DLLEXPORT(FX2Status) fx2WriteEEPROM(
  30:eeprom.c      **** 	struct USBDevice *device, const uint8 *bufPtr, uint32 numBytes, const char **error)
  31:eeprom.c      **** {
  14              		.loc 1 31 0
  15              		.cfi_startproc
  16 0000 55       		pushq	%rbp
  17              		.cfi_def_cfa_offset 16
  18              		.cfi_offset 6, -16
  19 0001 4889E5   		movq	%rsp, %rbp
  20              		.cfi_def_cfa_register 6
  21 0004 4883EC30 		subq	$48, %rsp
  22 0008 48897DE8 		movq	%rdi, -24(%rbp)
  23 000c 488975E0 		movq	%rsi, -32(%rbp)
  24 0010 8955DC   		movl	%edx, -36(%rbp)
  25 0013 48894DD0 		movq	%rcx, -48(%rbp)
  32:eeprom.c      **** 	FX2Status retVal = FX2_SUCCESS;
  26              		.loc 1 32 0
  27 0017 C745F800 		movl	$0, -8(%rbp)
  27      000000
  33:eeprom.c      **** 	USBStatus uStatus;
  34:eeprom.c      **** 	uint16 address = 0x0000;
  28              		.loc 1 34 0
  29 001e 66C745F4 		movw	$0, -12(%rbp)
  29      0000
  35:eeprom.c      **** 	uint16 bank = 0x0000;
  30              		.loc 1 35 0
  31 0024 66C745F6 		movw	$0, -10(%rbp)
  31      0000
  36:eeprom.c      **** 	while ( numBytes > BLOCK_SIZE ) {
  32              		.loc 1 36 0
  33 002a E9810000 		jmp	.L2
  33      00
  34              	.L5:
  37:eeprom.c      **** 		uStatus = usbControlWrite(
  35              		.loc 1 37 0
  36 002f 0FB74DF6 		movzwl	-10(%rbp), %ecx
  37 0033 0FB755F4 		movzwl	-12(%rbp), %edx
  38 0037 488B75E0 		movq	-32(%rbp), %rsi
  39 003b 488B45E8 		movq	-24(%rbp), %rax
  40 003f FF75D0   		pushq	-48(%rbp)
  41 0042 68881300 		pushq	$5000
  41      00
  42 0047 41B90010 		movl	$4096, %r9d
  42      0000
  43 004d 4989F0   		movq	%rsi, %r8
  44 0050 BEA20000 		movl	$162, %esi
  44      00
  45 0055 4889C7   		movq	%rax, %rdi
  46 0058 E8000000 		call	usbControlWrite@PLT
  46      00
  47 005d 4883C410 		addq	$16, %rsp
  48 0061 8945FC   		movl	%eax, -4(%rbp)
  38:eeprom.c      **** 			device,
  39:eeprom.c      **** 			CMD_READ_WRITE_EEPROM, // bRequest: EEPROM access
  40:eeprom.c      **** 			address,               // wValue: address to write
  41:eeprom.c      **** 			bank,                  // wIndex: bank (currently only 0 & 1 supported by firmware)
  42:eeprom.c      **** 			bufPtr,                // data to be written
  43:eeprom.c      **** 			BLOCK_SIZE,            // wLength: number of bytes to be written
  44:eeprom.c      **** 			5000,                  // timeout
  45:eeprom.c      **** 			error
  46:eeprom.c      **** 		);
  47:eeprom.c      **** 		CHECK_STATUS(uStatus, FX2_USB_ERR, cleanup, "fx2WriteEEPROM()"A2_ERROR);
  49              		.loc 1 47 0
  50 0064 837DFC00 		cmpl	$0, -4(%rbp)
  51 0068 741F     		je	.L3
  52              		.loc 1 47 0 is_stmt 0 discriminator 1
  53 006a 488B45D0 		movq	-48(%rbp), %rax
  54 006e 488D3500 		leaq	.LC0(%rip), %rsi
  54      000000
  55 0075 4889C7   		movq	%rax, %rdi
  56 0078 E8000000 		call	errPrefix@PLT
  56      00
  57 007d C745F801 		movl	$1, -8(%rbp)
  57      000000
  58 0084 E98F0000 		jmp	.L4
  58      00
  59              	.L3:
  48:eeprom.c      **** 		numBytes -= BLOCK_SIZE;
  60              		.loc 1 48 0 is_stmt 1
  61 0089 816DDC00 		subl	$4096, -36(%rbp)
  61      100000
  49:eeprom.c      **** 		bufPtr += BLOCK_SIZE;
  62              		.loc 1 49 0
  63 0090 488145E0 		addq	$4096, -32(%rbp)
  63      00100000 
  50:eeprom.c      **** 		address = (uint16)(address + BLOCK_SIZE);
  64              		.loc 1 50 0
  65 0098 668145F4 		addw	$4096, -12(%rbp)
  65      0010
  51:eeprom.c      **** 		if ( !address ) {
  66              		.loc 1 51 0
  67 009e 66837DF4 		cmpw	$0, -12(%rbp)
  67      00
  68 00a3 750B     		jne	.L2
  52:eeprom.c      **** 			bank++;
  69              		.loc 1 52 0
  70 00a5 0FB745F6 		movzwl	-10(%rbp), %eax
  71 00a9 83C001   		addl	$1, %eax
  72 00ac 668945F6 		movw	%ax, -10(%rbp)
  73              	.L2:
  36:eeprom.c      **** 		uStatus = usbControlWrite(
  74              		.loc 1 36 0
  75 00b0 817DDC00 		cmpl	$4096, -36(%rbp)
  75      100000
  76 00b7 0F8772FF 		ja	.L5
  76      FFFF
  53:eeprom.c      **** 		}
  54:eeprom.c      **** 	}
  55:eeprom.c      **** 	uStatus = usbControlWrite(
  56:eeprom.c      **** 		device,
  57:eeprom.c      **** 		CMD_READ_WRITE_EEPROM, // bRequest: EEPROM access
  58:eeprom.c      **** 		address,               // wValue: address to write
  59:eeprom.c      **** 		bank,                  // wIndex: bank (currently only 0 & 1 supported by firmware)
  60:eeprom.c      **** 		bufPtr,                // data to be written
  61:eeprom.c      **** 		(uint16)numBytes,      // wLength: number of bytes to be written
  77              		.loc 1 61 0
  78 00bd 8B45DC   		movl	-36(%rbp), %eax
  55:eeprom.c      **** 		device,
  79              		.loc 1 55 0
  80 00c0 0FB7F8   		movzwl	%ax, %edi
  81 00c3 0FB74DF6 		movzwl	-10(%rbp), %ecx
  82 00c7 0FB755F4 		movzwl	-12(%rbp), %edx
  83 00cb 488B75E0 		movq	-32(%rbp), %rsi
  84 00cf 488B45E8 		movq	-24(%rbp), %rax
  85 00d3 FF75D0   		pushq	-48(%rbp)
  86 00d6 68881300 		pushq	$5000
  86      00
  87 00db 4189F9   		movl	%edi, %r9d
  88 00de 4989F0   		movq	%rsi, %r8
  89 00e1 BEA20000 		movl	$162, %esi
  89      00
  90 00e6 4889C7   		movq	%rax, %rdi
  91 00e9 E8000000 		call	usbControlWrite@PLT
  91      00
  92 00ee 4883C410 		addq	$16, %rsp
  93 00f2 8945FC   		movl	%eax, -4(%rbp)
  62:eeprom.c      **** 		5000,                  // timeout
  63:eeprom.c      **** 		error
  64:eeprom.c      **** 	);
  65:eeprom.c      **** 	CHECK_STATUS(uStatus, FX2_USB_ERR, cleanup, "fx2WriteEEPROM()"A2_ERROR);
  94              		.loc 1 65 0
  95 00f5 837DFC00 		cmpl	$0, -4(%rbp)
  96 00f9 741C     		je	.L7
  97              		.loc 1 65 0 is_stmt 0 discriminator 1
  98 00fb 488B45D0 		movq	-48(%rbp), %rax
  99 00ff 488D3500 		leaq	.LC0(%rip), %rsi
  99      000000
 100 0106 4889C7   		movq	%rax, %rdi
 101 0109 E8000000 		call	errPrefix@PLT
 101      00
 102 010e C745F801 		movl	$1, -8(%rbp)
 102      000000
 103 0115 EB01     		jmp	.L4
 104              	.L7:
  66:eeprom.c      **** cleanup:
 105              		.loc 1 66 0 is_stmt 1
 106 0117 90       		nop
 107              	.L4:
  67:eeprom.c      **** 	return retVal;
 108              		.loc 1 67 0
 109 0118 8B45F8   		movl	-8(%rbp), %eax
  68:eeprom.c      **** }
 110              		.loc 1 68 0
 111 011b C9       		leave
 112              		.cfi_def_cfa 7, 8
 113 011c C3       		ret
 114              		.cfi_endproc
 115              	.LFE4:
 117              		.section	.rodata
 118              	.LC1:
 119 0080 66783252 		.string	"fx2ReadEEPROM()"
 119      65616445 
 119      4550524F 
 119      4D282900 
 120              		.text
 121              		.globl	fx2ReadEEPROM
 123              	fx2ReadEEPROM:
 124              	.LFB5:
  69:eeprom.c      **** 
  70:eeprom.c      **** // Read from the EEPROM into the supplied buffer, using the supplied VID/PID.
  71:eeprom.c      **** //
  72:eeprom.c      **** DLLEXPORT(FX2Status) fx2ReadEEPROM(
  73:eeprom.c      **** 	struct USBDevice *device, uint32 numBytes, struct Buffer *i2cBuffer, const char **error)
  74:eeprom.c      **** {
 125              		.loc 1 74 0
 126              		.cfi_startproc
 127 011d 55       		pushq	%rbp
 128              		.cfi_def_cfa_offset 16
 129              		.cfi_offset 6, -16
 130 011e 4889E5   		movq	%rsp, %rbp
 131              		.cfi_def_cfa_register 6
 132 0121 4883EC40 		subq	$64, %rsp
 133 0125 48897DD8 		movq	%rdi, -40(%rbp)
 134 0129 8975D4   		movl	%esi, -44(%rbp)
 135 012c 488955C8 		movq	%rdx, -56(%rbp)
 136 0130 48894DC0 		movq	%rcx, -64(%rbp)
  75:eeprom.c      **** 	FX2Status retVal = FX2_SUCCESS;
 137              		.loc 1 75 0
 138 0134 C745EC00 		movl	$0, -20(%rbp)
 138      000000
  76:eeprom.c      **** 	USBStatus uStatus;
  77:eeprom.c      **** 	BufferStatus bStatus;
  78:eeprom.c      **** 	uint16 address = 0x0000;
 139              		.loc 1 78 0
 140 013b 66C745E8 		movw	$0, -24(%rbp)
 140      0000
  79:eeprom.c      **** 	uint16 bank = 0x0000;
 141              		.loc 1 79 0
 142 0141 66C745EA 		movw	$0, -22(%rbp)
 142      0000
  80:eeprom.c      **** 	uint8 *bufPtr;
  81:eeprom.c      **** 	bStatus = bufAppendConst(i2cBuffer, 0x00, numBytes, error);
 143              		.loc 1 81 0
 144 0147 8B55D4   		movl	-44(%rbp), %edx
 145 014a 488B4DC0 		movq	-64(%rbp), %rcx
 146 014e 488B45C8 		movq	-56(%rbp), %rax
 147 0152 BE000000 		movl	$0, %esi
 147      00
 148 0157 4889C7   		movq	%rax, %rdi
 149 015a E8000000 		call	bufAppendConst@PLT
 149      00
 150 015f 8945F0   		movl	%eax, -16(%rbp)
  82:eeprom.c      **** 	CHECK_STATUS(bStatus, FX2_BUF_ERR, cleanup, "fx2ReadEEPROM()");
 151              		.loc 1 82 0
 152 0162 837DF000 		cmpl	$0, -16(%rbp)
 153 0166 741F     		je	.L9
 154              		.loc 1 82 0 is_stmt 0 discriminator 1
 155 0168 488B45C0 		movq	-64(%rbp), %rax
 156 016c 488D3500 		leaq	.LC1(%rip), %rsi
 156      000000
 157 0173 4889C7   		movq	%rax, %rdi
 158 0176 E8000000 		call	errPrefix@PLT
 158      00
 159 017b C745EC02 		movl	$2, -20(%rbp)
 159      000000
 160 0182 E9F90000 		jmp	.L10
 160      00
 161              	.L9:
  83:eeprom.c      **** 	bufPtr = i2cBuffer->data;
 162              		.loc 1 83 0 is_stmt 1
 163 0187 488B45C8 		movq	-56(%rbp), %rax
 164 018b 488B00   		movq	(%rax), %rax
 165 018e 488945F8 		movq	%rax, -8(%rbp)
  84:eeprom.c      **** 	while ( numBytes > BLOCK_SIZE ) {
 166              		.loc 1 84 0
 167 0192 E9810000 		jmp	.L11
 167      00
 168              	.L13:
  85:eeprom.c      **** 		uStatus = usbControlRead(
 169              		.loc 1 85 0
 170 0197 0FB74DEA 		movzwl	-22(%rbp), %ecx
 171 019b 0FB755E8 		movzwl	-24(%rbp), %edx
 172 019f 488B75F8 		movq	-8(%rbp), %rsi
 173 01a3 488B45D8 		movq	-40(%rbp), %rax
 174 01a7 FF75C0   		pushq	-64(%rbp)
 175 01aa 68881300 		pushq	$5000
 175      00
 176 01af 41B90010 		movl	$4096, %r9d
 176      0000
 177 01b5 4989F0   		movq	%rsi, %r8
 178 01b8 BEA20000 		movl	$162, %esi
 178      00
 179 01bd 4889C7   		movq	%rax, %rdi
 180 01c0 E8000000 		call	usbControlRead@PLT
 180      00
 181 01c5 4883C410 		addq	$16, %rsp
 182 01c9 8945F4   		movl	%eax, -12(%rbp)
  86:eeprom.c      **** 			device,
  87:eeprom.c      **** 			CMD_READ_WRITE_EEPROM, // bRequest: EEPROM access
  88:eeprom.c      **** 			address,               // wValue: address to read
  89:eeprom.c      **** 			bank,                  // wIndex: bank (currently only 0 & 1 supported by firmware)
  90:eeprom.c      **** 			bufPtr,                // data to be written
  91:eeprom.c      **** 		   BLOCK_SIZE,            // wLength: number of bytes to be written
  92:eeprom.c      **** 			5000,                  // timeout
  93:eeprom.c      **** 			error
  94:eeprom.c      **** 		);
  95:eeprom.c      **** 		CHECK_STATUS(uStatus, FX2_USB_ERR, cleanup, "fx2WriteEEPROM()"A2_ERROR);
 183              		.loc 1 95 0
 184 01cc 837DF400 		cmpl	$0, -12(%rbp)
 185 01d0 741F     		je	.L12
 186              		.loc 1 95 0 is_stmt 0 discriminator 1
 187 01d2 488B45C0 		movq	-64(%rbp), %rax
 188 01d6 488D3500 		leaq	.LC0(%rip), %rsi
 188      000000
 189 01dd 4889C7   		movq	%rax, %rdi
 190 01e0 E8000000 		call	errPrefix@PLT
 190      00
 191 01e5 C745EC01 		movl	$1, -20(%rbp)
 191      000000
 192 01ec E98F0000 		jmp	.L10
 192      00
 193              	.L12:
  96:eeprom.c      **** 		numBytes -= BLOCK_SIZE;
 194              		.loc 1 96 0 is_stmt 1
 195 01f1 816DD400 		subl	$4096, -44(%rbp)
 195      100000
  97:eeprom.c      **** 		bufPtr += BLOCK_SIZE;
 196              		.loc 1 97 0
 197 01f8 488145F8 		addq	$4096, -8(%rbp)
 197      00100000 
  98:eeprom.c      **** 		address = (uint16)(address + BLOCK_SIZE);
 198              		.loc 1 98 0
 199 0200 668145E8 		addw	$4096, -24(%rbp)
 199      0010
  99:eeprom.c      **** 		if ( !address ) {
 200              		.loc 1 99 0
 201 0206 66837DE8 		cmpw	$0, -24(%rbp)
 201      00
 202 020b 750B     		jne	.L11
 100:eeprom.c      **** 			bank++;
 203              		.loc 1 100 0
 204 020d 0FB745EA 		movzwl	-22(%rbp), %eax
 205 0211 83C001   		addl	$1, %eax
 206 0214 668945EA 		movw	%ax, -22(%rbp)
 207              	.L11:
  84:eeprom.c      **** 		uStatus = usbControlRead(
 208              		.loc 1 84 0
 209 0218 817DD400 		cmpl	$4096, -44(%rbp)
 209      100000
 210 021f 0F8772FF 		ja	.L13
 210      FFFF
 101:eeprom.c      **** 		}
 102:eeprom.c      **** 	}
 103:eeprom.c      **** 	uStatus = usbControlRead(
 104:eeprom.c      **** 		device,
 105:eeprom.c      **** 		CMD_READ_WRITE_EEPROM, // bRequest: EEPROM access
 106:eeprom.c      **** 		address,               // wValue: address to read
 107:eeprom.c      **** 		bank,                  // wIndex: bank (currently only 0 & 1 supported by firmware)
 108:eeprom.c      **** 		bufPtr,                // data to be written
 109:eeprom.c      **** 		(uint16)numBytes,      // wLength: number of bytes to be written
 211              		.loc 1 109 0
 212 0225 8B45D4   		movl	-44(%rbp), %eax
 103:eeprom.c      **** 		device,
 213              		.loc 1 103 0
 214 0228 0FB7F8   		movzwl	%ax, %edi
 215 022b 0FB74DEA 		movzwl	-22(%rbp), %ecx
 216 022f 0FB755E8 		movzwl	-24(%rbp), %edx
 217 0233 488B75F8 		movq	-8(%rbp), %rsi
 218 0237 488B45D8 		movq	-40(%rbp), %rax
 219 023b FF75C0   		pushq	-64(%rbp)
 220 023e 68881300 		pushq	$5000
 220      00
 221 0243 4189F9   		movl	%edi, %r9d
 222 0246 4989F0   		movq	%rsi, %r8
 223 0249 BEA20000 		movl	$162, %esi
 223      00
 224 024e 4889C7   		movq	%rax, %rdi
 225 0251 E8000000 		call	usbControlRead@PLT
 225      00
 226 0256 4883C410 		addq	$16, %rsp
 227 025a 8945F4   		movl	%eax, -12(%rbp)
 110:eeprom.c      **** 		5000,                  // timeout
 111:eeprom.c      **** 		error
 112:eeprom.c      **** 	);
 113:eeprom.c      **** 	CHECK_STATUS(uStatus, FX2_USB_ERR, cleanup, "fx2WriteEEPROM()"A2_ERROR);
 228              		.loc 1 113 0
 229 025d 837DF400 		cmpl	$0, -12(%rbp)
 230 0261 741C     		je	.L15
 231              		.loc 1 113 0 is_stmt 0 discriminator 1
 232 0263 488B45C0 		movq	-64(%rbp), %rax
 233 0267 488D3500 		leaq	.LC0(%rip), %rsi
 233      000000
 234 026e 4889C7   		movq	%rax, %rdi
 235 0271 E8000000 		call	errPrefix@PLT
 235      00
 236 0276 C745EC01 		movl	$1, -20(%rbp)
 236      000000
 237 027d EB01     		jmp	.L10
 238              	.L15:
 114:eeprom.c      **** cleanup:
 239              		.loc 1 114 0 is_stmt 1
 240 027f 90       		nop
 241              	.L10:
 115:eeprom.c      **** 	return retVal;
 242              		.loc 1 115 0
 243 0280 8B45EC   		movl	-20(%rbp), %eax
 116:eeprom.c      **** }
 244              		.loc 1 116 0
 245 0283 C9       		leave
 246              		.cfi_def_cfa 7, 8
 247 0284 C3       		ret
 248              		.cfi_endproc
 249              	.LFE5:
 251              	.Letext0:
 252              		.file 2 "/usr/lib/gcc/x86_64-linux-gnu/7/include/stddef.h"
 253              		.file 3 "/home/gani/eval/20140524/makestuff/common/makestuff.h"
 254              		.file 4 "/usr/include/x86_64-linux-gnu/bits/types.h"
 255              		.file 5 "/usr/include/libio.h"
 256              		.file 6 "/usr/include/stdio.h"
 257              		.file 7 "/home/gani/eval/20140524/makestuff/libs/libusbwrap/libusbwrap.h"
 258              		.file 8 "/home/gani/eval/20140524/makestuff/libs/libbuffer/libbuffer.h"
 259              		.file 9 "libfx2loader.h"
DEFINED SYMBOLS
                            *ABS*:0000000000000000 eeprom.c
     /tmp/ccwXkUpf.s:11     .text:0000000000000000 fx2WriteEEPROM
     /tmp/ccwXkUpf.s:123    .text:000000000000011d fx2ReadEEPROM

UNDEFINED SYMBOLS
_GLOBAL_OFFSET_TABLE_
usbControlWrite
errPrefix
bufAppendConst
usbControlRead
