   1              		.file	"ram.c"
   2              		.section	.rodata.str1.8,"aMS",@progbits,1
   3              		.align 8
   4              	.LC0:
   5 0000 66783257 		.string	"fx2WriteRAM(): Failed to put the CPU in reset"
   5      72697465 
   5      52414D28 
   5      293A2046 
   5      61696C65 
   6 002e 0000     		.align 8
   7              	.LC1:
   8 0030 66783257 		.string	"fx2WriteRAM(): Failed to write block of bytes"
   8      72697465 
   8      52414D28 
   8      293A2046 
   8      61696C65 
   9 005e 0000     		.align 8
  10              	.LC2:
  11 0060 66783257 		.string	"fx2WriteRAM(): Failed to write final block"
  11      72697465 
  11      52414D28 
  11      293A2046 
  11      61696C65 
  12              		.text
  13              		.p2align 4,,15
  14              		.globl	fx2WriteRAM
  16              	fx2WriteRAM:
  17              	.LFB17:
  18              		.cfi_startproc
  19 0000 4157     		pushq	%r15
  20              		.cfi_def_cfa_offset 16
  21              		.cfi_offset 15, -16
  22 0002 4156     		pushq	%r14
  23              		.cfi_def_cfa_offset 24
  24              		.cfi_offset 14, -24
  25 0004 41B90100 		movl	$1, %r9d
  25      0000
  26 000a 4155     		pushq	%r13
  27              		.cfi_def_cfa_offset 32
  28              		.cfi_offset 13, -32
  29 000c 4154     		pushq	%r12
  30              		.cfi_def_cfa_offset 40
  31              		.cfi_offset 12, -40
  32 000e 4989F6   		movq	%rsi, %r14
  33 0011 55       		pushq	%rbp
  34              		.cfi_def_cfa_offset 48
  35              		.cfi_offset 6, -48
  36 0012 53       		pushq	%rbx
  37              		.cfi_def_cfa_offset 56
  38              		.cfi_offset 3, -56
  39 0013 4889CD   		movq	%rcx, %rbp
  40 0016 89D3     		movl	%edx, %ebx
  41 0018 BEA00000 		movl	$160, %esi
  41      00
  42 001d BA00E600 		movl	$58880, %edx
  42      00
  43 0022 4883EC28 		subq	$40, %rsp
  44              		.cfi_def_cfa_offset 96
  45 0026 4989FC   		movq	%rdi, %r12
  46 0029 64488B04 		movq	%fs:40, %rax
  46      25280000 
  46      00
  47 0032 48894424 		movq	%rax, 24(%rsp)
  47      18
  48 0037 31C0     		xorl	%eax, %eax
  49 0039 488D4424 		leaq	23(%rsp), %rax
  49      17
  50 003e C6442417 		movb	$1, 23(%rsp)
  50      01
  51 0043 48894424 		movq	%rax, 8(%rsp)
  51      08
  52 0048 51       		pushq	%rcx
  53              		.cfi_def_cfa_offset 104
  54 0049 4989C0   		movq	%rax, %r8
  55 004c 68881300 		pushq	$5000
  55      00
  56              		.cfi_def_cfa_offset 112
  57 0051 31C9     		xorl	%ecx, %ecx
  58 0053 E8000000 		call	usbControlWrite@PLT
  58      00
  59 0058 85C0     		testl	%eax, %eax
  60 005a 4159     		popq	%r9
  61              		.cfi_def_cfa_offset 104
  62 005c 415A     		popq	%r10
  63              		.cfi_def_cfa_offset 96
  64 005e 0F851401 		jne	.L2
  64      0000
  65 0064 31D2     		xorl	%edx, %edx
  66 0066 81FB0010 		cmpl	$4096, %ebx
  66      0000
  67 006c 4189DD   		movl	%ebx, %r13d
  68 006f 4D89F7   		movq	%r14, %r15
  69 0072 0F86AB00 		jbe	.L4
  69      0000
  70 0078 8D83FFEF 		leal	-4097(%rbx), %eax
  70      FFFF
  71 007e 448DAB00 		leal	-4096(%rbx), %r13d
  71      F0FFFF
  72 0085 2500F0FF 		andl	$-4096, %eax
  72      FF
  73 008a 4129C5   		subl	%eax, %r13d
  74 008d 44896C24 		movl	%r13d, 4(%rsp)
  74      04
  75 0092 4189DD   		movl	%ebx, %r13d
  76 0095 EB24     		jmp	.L7
  77 0097 660F1F84 		.p2align 4,,10
  77      00000000 
  77      00
  78              		.p2align 3
  79              	.L6:
  80 00a0 4981C700 		addq	$4096, %r15
  80      100000
  81 00a7 4181ED00 		subl	$4096, %r13d
  81      100000
  82 00ae 4489FA   		movl	%r15d, %edx
  83 00b1 4429F2   		subl	%r14d, %edx
  84 00b4 443B6C24 		cmpl	4(%rsp), %r13d
  84      04
  85 00b9 7465     		je	.L13
  86              	.L7:
  87 00bb 89DA     		movl	%ebx, %edx
  88 00bd 55       		pushq	%rbp
  89              		.cfi_def_cfa_offset 104
  90 00be 68881300 		pushq	$5000
  90      00
  91              		.cfi_def_cfa_offset 112
  92 00c3 4429EA   		subl	%r13d, %edx
  93 00c6 4D89F8   		movq	%r15, %r8
  94 00c9 31C9     		xorl	%ecx, %ecx
  95 00cb 4C89E7   		movq	%r12, %rdi
  96 00ce 0FB7D2   		movzwl	%dx, %edx
  97 00d1 41B90010 		movl	$4096, %r9d
  97      0000
  98 00d7 BEA00000 		movl	$160, %esi
  98      00
  99 00dc E8000000 		call	usbControlWrite@PLT
  99      00
 100 00e1 85C0     		testl	%eax, %eax
 101 00e3 5F       		popq	%rdi
 102              		.cfi_def_cfa_offset 104
 103 00e4 4158     		popq	%r8
 104              		.cfi_def_cfa_offset 96
 105 00e6 74B8     		je	.L6
 106 00e8 488D3500 		leaq	.LC1(%rip), %rsi
 106      000000
 107 00ef 4889EF   		movq	%rbp, %rdi
 108 00f2 E8000000 		call	errPrefix@PLT
 108      00
 109 00f7 B8010000 		movl	$1, %eax
 109      00
 110              	.L1:
 111 00fc 488B4C24 		movq	24(%rsp), %rcx
 111      18
 112 0101 6448330C 		xorq	%fs:40, %rcx
 112      25280000 
 112      00
 113 010a 0F85A100 		jne	.L14
 113      0000
 114 0110 4883C428 		addq	$40, %rsp
 115              		.cfi_remember_state
 116              		.cfi_def_cfa_offset 56
 117 0114 5B       		popq	%rbx
 118              		.cfi_def_cfa_offset 48
 119 0115 5D       		popq	%rbp
 120              		.cfi_def_cfa_offset 40
 121 0116 415C     		popq	%r12
 122              		.cfi_def_cfa_offset 32
 123 0118 415D     		popq	%r13
 124              		.cfi_def_cfa_offset 24
 125 011a 415E     		popq	%r14
 126              		.cfi_def_cfa_offset 16
 127 011c 415F     		popq	%r15
 128              		.cfi_def_cfa_offset 8
 129 011e C3       		ret
 130 011f 90       		.p2align 4,,10
 131              		.p2align 3
 132              	.L13:
 133              		.cfi_restore_state
 134 0120 0FB7D2   		movzwl	%dx, %edx
 135              	.L4:
 136 0123 55       		pushq	%rbp
 137              		.cfi_def_cfa_offset 104
 138 0124 68881300 		pushq	$5000
 138      00
 139              		.cfi_def_cfa_offset 112
 140 0129 31C9     		xorl	%ecx, %ecx
 141 012b BEA00000 		movl	$160, %esi
 141      00
 142 0130 4589E9   		movl	%r13d, %r9d
 143 0133 4D89F8   		movq	%r15, %r8
 144 0136 4C89E7   		movq	%r12, %rdi
 145 0139 E8000000 		call	usbControlWrite@PLT
 145      00
 146 013e 85C0     		testl	%eax, %eax
 147 0140 59       		popq	%rcx
 148              		.cfi_def_cfa_offset 104
 149 0141 5E       		popq	%rsi
 150              		.cfi_def_cfa_offset 96
 151 0142 7554     		jne	.L15
 152              	.L5:
 153 0144 C6442417 		movb	$0, 23(%rsp)
 153      00
 154 0149 6A00     		pushq	$0
 155              		.cfi_def_cfa_offset 104
 156 014b BA00E600 		movl	$58880, %edx
 156      00
 157 0150 68881300 		pushq	$5000
 157      00
 158              		.cfi_def_cfa_offset 112
 159 0155 4C8B4424 		movq	24(%rsp), %r8
 159      18
 160 015a 41B90100 		movl	$1, %r9d
 160      0000
 161 0160 31C9     		xorl	%ecx, %ecx
 162 0162 BEA00000 		movl	$160, %esi
 162      00
 163 0167 4C89E7   		movq	%r12, %rdi
 164 016a E8000000 		call	usbControlWrite@PLT
 164      00
 165 016f 58       		popq	%rax
 166              		.cfi_def_cfa_offset 104
 167 0170 31C0     		xorl	%eax, %eax
 168 0172 5A       		popq	%rdx
 169              		.cfi_def_cfa_offset 96
 170 0173 EB87     		jmp	.L1
 171              		.p2align 4,,10
 172 0175 0F1F00   		.p2align 3
 173              	.L2:
 174 0178 488D3500 		leaq	.LC0(%rip), %rsi
 174      000000
 175 017f 4889EF   		movq	%rbp, %rdi
 176 0182 E8000000 		call	errPrefix@PLT
 176      00
 177 0187 B8010000 		movl	$1, %eax
 177      00
 178 018c E96BFFFF 		jmp	.L1
 178      FF
 179              		.p2align 4,,10
 180 0191 0F1F8000 		.p2align 3
 180      000000
 181              	.L15:
 182 0198 488D3500 		leaq	.LC2(%rip), %rsi
 182      000000
 183 019f 4889EF   		movq	%rbp, %rdi
 184 01a2 E8000000 		call	errPrefix@PLT
 184      00
 185 01a7 B8010000 		movl	$1, %eax
 185      00
 186 01ac E94BFFFF 		jmp	.L1
 186      FF
 187              	.L14:
 188 01b1 E8000000 		call	__stack_chk_fail@PLT
 188      00
 189              		.cfi_endproc
 190              	.LFE17:
 192              		.ident	"GCC: (Ubuntu 7.2.0-8ubuntu3.2) 7.2.0"
 193              		.section	.note.GNU-stack,"",@progbits
DEFINED SYMBOLS
                            *ABS*:0000000000000000 ram.c
     /tmp/ccfnsbgn.s:16     .text:0000000000000000 fx2WriteRAM
     /tmp/ccfnsbgn.s:7      .rodata.str1.8:0000000000000030 .LC1
     /tmp/ccfnsbgn.s:4      .rodata.str1.8:0000000000000000 .LC0
     /tmp/ccfnsbgn.s:10     .rodata.str1.8:0000000000000060 .LC2

UNDEFINED SYMBOLS
_GLOBAL_OFFSET_TABLE_
usbControlWrite
errPrefix
__stack_chk_fail
