   1              		.file	"arg_lit.c"
   2              		.text
   3              		.p2align 4,,15
   5              	resetfn:
   6              	.LFB23:
   7              		.cfi_startproc
   8 0000 C7476000 		movl	$0, 96(%rdi)
   8      000000
   9 0007 C3       		ret
  10              		.cfi_endproc
  11              	.LFE23:
  13 0008 0F1F8400 		.p2align 4,,15
  13      00000000 
  15              	scanfn:
  16              	.LFB24:
  17              		.cfi_startproc
  18 0010 8B5760   		movl	96(%rdi), %edx
  19 0013 3B572C   		cmpl	44(%rdi), %edx
  20 0016 B8020000 		movl	$2, %eax
  20      00
  21 001b 7D08     		jge	.L3
  22 001d 83C201   		addl	$1, %edx
  23 0020 31C0     		xorl	%eax, %eax
  24 0022 895760   		movl	%edx, 96(%rdi)
  25              	.L3:
  26 0025 F3C3     		rep ret
  27              		.cfi_endproc
  28              	.LFE24:
  30 0027 660F1F84 		.p2align 4,,15
  30      00000000 
  30      00
  32              	checkfn:
  33              	.LFB25:
  34              		.cfi_startproc
  35 0030 8B4728   		movl	40(%rdi), %eax
  36 0033 394760   		cmpl	%eax, 96(%rdi)
  37 0036 0F9CC0   		setl	%al
  38 0039 0FB6C0   		movzbl	%al, %eax
  39 003c C3       		ret
  40              		.cfi_endproc
  41              	.LFE25:
  43              		.section	.rodata.str1.1,"aMS",@progbits,1
  44              	.LC0:
  45 0000 25733A20 		.string	"%s: missing option "
  45      6D697373 
  45      696E6720 
  45      6F707469 
  45      6F6E2000 
  46              	.LC1:
  47 0014 0A00     		.string	"\n"
  48              	.LC2:
  49 0016 25733A20 		.string	"%s: extraneous option "
  49      65787472 
  49      616E656F 
  49      7573206F 
  49      7074696F 
  50              		.text
  51 003d 0F1F00   		.p2align 4,,15
  53              	errorfn:
  54              	.LFB26:
  55              		.cfi_startproc
  56 0040 4155     		pushq	%r13
  57              		.cfi_def_cfa_offset 16
  58              		.cfi_offset 13, -16
  59 0042 4154     		pushq	%r12
  60              		.cfi_def_cfa_offset 24
  61              		.cfi_offset 12, -24
  62 0044 55       		pushq	%rbp
  63              		.cfi_def_cfa_offset 32
  64              		.cfi_offset 6, -32
  65 0045 53       		pushq	%rbx
  66              		.cfi_def_cfa_offset 40
  67              		.cfi_offset 3, -40
  68 0046 4889F3   		movq	%rsi, %rbx
  69 0049 4883EC08 		subq	$8, %rsp
  70              		.cfi_def_cfa_offset 48
  71 004d 83FA01   		cmpl	$1, %edx
  72 0050 488B6F08 		movq	8(%rdi), %rbp
  73 0054 4C8B6710 		movq	16(%rdi), %r12
  74 0058 4C8B6F18 		movq	24(%rdi), %r13
  75 005c 7452     		je	.L9
  76 005e 83FA02   		cmpl	$2, %edx
  77 0061 753D     		jne	.L13
  78 0063 488D1500 		leaq	.LC2(%rip), %rdx
  78      000000
  79 006a 4C89C1   		movq	%r8, %rcx
  80 006d 4889DF   		movq	%rbx, %rdi
  81 0070 BE010000 		movl	$1, %esi
  81      00
  82 0075 31C0     		xorl	%eax, %eax
  83 0077 E8000000 		call	__fprintf_chk@PLT
  83      00
  84 007c 4883C408 		addq	$8, %rsp
  85              		.cfi_remember_state
  86              		.cfi_def_cfa_offset 40
  87 0080 4C89E9   		movq	%r13, %rcx
  88 0083 4C89E2   		movq	%r12, %rdx
  89 0086 4889EE   		movq	%rbp, %rsi
  90 0089 4889DF   		movq	%rbx, %rdi
  91 008c 4C8D0500 		leaq	.LC1(%rip), %r8
  91      000000
  92 0093 5B       		popq	%rbx
  93              		.cfi_def_cfa_offset 32
  94 0094 5D       		popq	%rbp
  95              		.cfi_def_cfa_offset 24
  96 0095 415C     		popq	%r12
  97              		.cfi_def_cfa_offset 16
  98 0097 415D     		popq	%r13
  99              		.cfi_def_cfa_offset 8
 100 0099 E9000000 		jmp	arg_print_option@PLT
 100      00
 101 009e 6690     		.p2align 4,,10
 102              		.p2align 3
 103              	.L13:
 104              		.cfi_restore_state
 105 00a0 4883C408 		addq	$8, %rsp
 106              		.cfi_remember_state
 107              		.cfi_def_cfa_offset 40
 108 00a4 5B       		popq	%rbx
 109              		.cfi_def_cfa_offset 32
 110 00a5 5D       		popq	%rbp
 111              		.cfi_def_cfa_offset 24
 112 00a6 415C     		popq	%r12
 113              		.cfi_def_cfa_offset 16
 114 00a8 415D     		popq	%r13
 115              		.cfi_def_cfa_offset 8
 116 00aa C3       		ret
 117 00ab 0F1F4400 		.p2align 4,,10
 117      00
 118              		.p2align 3
 119              	.L9:
 120              		.cfi_restore_state
 121 00b0 488D1500 		leaq	.LC0(%rip), %rdx
 121      000000
 122 00b7 4C89C1   		movq	%r8, %rcx
 123 00ba 4889DF   		movq	%rbx, %rdi
 124 00bd BE010000 		movl	$1, %esi
 124      00
 125 00c2 31C0     		xorl	%eax, %eax
 126 00c4 E8000000 		call	__fprintf_chk@PLT
 126      00
 127 00c9 4C8D0500 		leaq	.LC1(%rip), %r8
 127      000000
 128 00d0 4C89E2   		movq	%r12, %rdx
 129 00d3 4889EE   		movq	%rbp, %rsi
 130 00d6 4889DF   		movq	%rbx, %rdi
 131 00d9 4C89E9   		movq	%r13, %rcx
 132 00dc E8000000 		call	arg_print_option@PLT
 132      00
 133 00e1 4883C408 		addq	$8, %rsp
 134              		.cfi_def_cfa_offset 40
 135 00e5 4889DF   		movq	%rbx, %rdi
 136 00e8 488D1500 		leaq	.LC1(%rip), %rdx
 136      000000
 137 00ef 5B       		popq	%rbx
 138              		.cfi_def_cfa_offset 32
 139 00f0 5D       		popq	%rbp
 140              		.cfi_def_cfa_offset 24
 141 00f1 415C     		popq	%r12
 142              		.cfi_def_cfa_offset 16
 143 00f3 415D     		popq	%r13
 144              		.cfi_def_cfa_offset 8
 145 00f5 BE010000 		movl	$1, %esi
 145      00
 146 00fa 31C0     		xorl	%eax, %eax
 147 00fc E9000000 		jmp	__fprintf_chk@PLT
 147      00
 148              		.cfi_endproc
 149              	.LFE26:
 151 0101 0F1F4400 		.p2align 4,,15
 151      00662E0F 
 151      1F840000 
 151      000000
 152              		.globl	arg_litn
 154              	arg_litn:
 155              	.LFB29:
 156              		.cfi_startproc
 157 0110 4156     		pushq	%r14
 158              		.cfi_def_cfa_offset 16
 159              		.cfi_offset 14, -16
 160 0112 4155     		pushq	%r13
 161              		.cfi_def_cfa_offset 24
 162              		.cfi_offset 13, -24
 163 0114 4989FE   		movq	%rdi, %r14
 164 0117 4154     		pushq	%r12
 165              		.cfi_def_cfa_offset 32
 166              		.cfi_offset 12, -32
 167 0119 55       		pushq	%rbp
 168              		.cfi_def_cfa_offset 40
 169              		.cfi_offset 6, -40
 170 011a BF680000 		movl	$104, %edi
 170      00
 171 011f 53       		pushq	%rbx
 172              		.cfi_def_cfa_offset 48
 173              		.cfi_offset 3, -48
 174 0120 4989F5   		movq	%rsi, %r13
 175 0123 89D5     		movl	%edx, %ebp
 176 0125 89CB     		movl	%ecx, %ebx
 177 0127 4D89C4   		movq	%r8, %r12
 178 012a E8000000 		call	malloc@PLT
 178      00
 179 012f 4885C0   		testq	%rax, %rax
 180 0132 7459     		je	.L14
 181 0134 39EB     		cmpl	%ebp, %ebx
 182 0136 488D15C3 		leaq	resetfn(%rip), %rdx
 182      FEFFFF
 183 013d 488D0DCC 		leaq	scanfn(%rip), %rcx
 183      FEFFFF
 184 0144 488D35E5 		leaq	checkfn(%rip), %rsi
 184      FEFFFF
 185 014b 488D3DEE 		leaq	errorfn(%rip), %rdi
 185      FEFFFF
 186 0152 0F4CDD   		cmovl	%ebp, %ebx
 187 0155 C60000   		movb	$0, (%rax)
 188 0158 4C897008 		movq	%r14, 8(%rax)
 189 015c 4C896810 		movq	%r13, 16(%rax)
 190 0160 48C74018 		movq	$0, 24(%rax)
 190      00000000 
 191 0168 4C896020 		movq	%r12, 32(%rax)
 192 016c 896828   		movl	%ebp, 40(%rax)
 193 016f 89582C   		movl	%ebx, 44(%rax)
 194 0172 48894030 		movq	%rax, 48(%rax)
 195 0176 48895038 		movq	%rdx, 56(%rax)
 196 017a 48894840 		movq	%rcx, 64(%rax)
 197 017e 48897048 		movq	%rsi, 72(%rax)
 198 0182 48897850 		movq	%rdi, 80(%rax)
 199 0186 C7406000 		movl	$0, 96(%rax)
 199      000000
 200              	.L14:
 201 018d 5B       		popq	%rbx
 202              		.cfi_def_cfa_offset 40
 203 018e 5D       		popq	%rbp
 204              		.cfi_def_cfa_offset 32
 205 018f 415C     		popq	%r12
 206              		.cfi_def_cfa_offset 24
 207 0191 415D     		popq	%r13
 208              		.cfi_def_cfa_offset 16
 209 0193 415E     		popq	%r14
 210              		.cfi_def_cfa_offset 8
 211 0195 C3       		ret
 212              		.cfi_endproc
 213              	.LFE29:
 215 0196 662E0F1F 		.p2align 4,,15
 215      84000000 
 215      0000
 216              		.globl	arg_lit0
 218              	arg_lit0:
 219              	.LFB27:
 220              		.cfi_startproc
 221 01a0 4989D0   		movq	%rdx, %r8
 222 01a3 B9010000 		movl	$1, %ecx
 222      00
 223 01a8 31D2     		xorl	%edx, %edx
 224 01aa E9000000 		jmp	arg_litn@PLT
 224      00
 225              		.cfi_endproc
 226              	.LFE27:
 228 01af 90       		.p2align 4,,15
 229              		.globl	arg_lit1
 231              	arg_lit1:
 232              	.LFB28:
 233              		.cfi_startproc
 234 01b0 4989D0   		movq	%rdx, %r8
 235 01b3 B9010000 		movl	$1, %ecx
 235      00
 236 01b8 BA010000 		movl	$1, %edx
 236      00
 237 01bd E9000000 		jmp	arg_litn@PLT
 237      00
 238              		.cfi_endproc
 239              	.LFE28:
 241              		.ident	"GCC: (Ubuntu 7.2.0-8ubuntu3.2) 7.2.0"
 242              		.section	.note.GNU-stack,"",@progbits
DEFINED SYMBOLS
                            *ABS*:0000000000000000 arg_lit.c
     /tmp/cclDZHkz.s:5      .text:0000000000000000 resetfn
     /tmp/cclDZHkz.s:15     .text:0000000000000010 scanfn
     /tmp/cclDZHkz.s:32     .text:0000000000000030 checkfn
     /tmp/cclDZHkz.s:53     .text:0000000000000040 errorfn
     /tmp/cclDZHkz.s:154    .text:0000000000000110 arg_litn
     /tmp/cclDZHkz.s:218    .text:00000000000001a0 arg_lit0
     /tmp/cclDZHkz.s:231    .text:00000000000001b0 arg_lit1
     /tmp/cclDZHkz.s:48     .rodata.str1.1:0000000000000016 .LC2
     /tmp/cclDZHkz.s:46     .rodata.str1.1:0000000000000014 .LC1
     /tmp/cclDZHkz.s:44     .rodata.str1.1:0000000000000000 .LC0

UNDEFINED SYMBOLS
_GLOBAL_OFFSET_TABLE_
__fprintf_chk
arg_print_option
malloc
