   1              		.file	"binio.c"
   2              		.section	.rodata.str1.1,"aMS",@progbits,1
   3              	.LC0:
   4 0000 726200   		.string	"rb"
   5              	.LC1:
   6 0003 62756641 		.string	"bufAppendFromBinaryFile()"
   6      7070656E 
   6      6446726F 
   6      6D42696E 
   6      61727946 
   7              		.section	.rodata.str1.8,"aMS",@progbits,1
   8              		.align 8
   9              	.LC2:
  10 0000 62756641 		.string	"bufAppendFromBinaryFile(): Unexpectedly hit EOF after reading %lu bytes!"
  10      7070656E 
  10      6446726F 
  10      6D42696E 
  10      61727946 
  11              		.text
  12              		.p2align 4,,15
  13              		.globl	bufAppendFromBinaryFile
  15              	bufAppendFromBinaryFile:
  16              	.LFB17:
  17              		.cfi_startproc
  18 0000 4157     		pushq	%r15
  19              		.cfi_def_cfa_offset 16
  20              		.cfi_offset 15, -16
  21 0002 4156     		pushq	%r14
  22              		.cfi_def_cfa_offset 24
  23              		.cfi_offset 14, -24
  24 0004 4155     		pushq	%r13
  25              		.cfi_def_cfa_offset 32
  26              		.cfi_offset 13, -32
  27 0006 4154     		pushq	%r12
  28              		.cfi_def_cfa_offset 40
  29              		.cfi_offset 12, -40
  30 0008 4989FC   		movq	%rdi, %r12
  31 000b 55       		pushq	%rbp
  32              		.cfi_def_cfa_offset 48
  33              		.cfi_offset 6, -48
  34 000c 53       		pushq	%rbx
  35              		.cfi_def_cfa_offset 56
  36              		.cfi_offset 3, -56
  37 000d 4889F7   		movq	%rsi, %rdi
  38 0010 488D3500 		leaq	.LC0(%rip), %rsi
  38      000000
  39 0017 4889D5   		movq	%rdx, %rbp
  40 001a 4883EC08 		subq	$8, %rsp
  41              		.cfi_def_cfa_offset 64
  42 001e 4D8B7C24 		movq	8(%r12), %r15
  42      08
  43 0023 E8000000 		call	fopen@PLT
  43      00
  44 0028 4885C0   		testq	%rax, %rax
  45 002b 0F842701 		je	.L15
  45      0000
  46 0031 31F6     		xorl	%esi, %esi
  47 0033 BA020000 		movl	$2, %edx
  47      00
  48 0038 4889C7   		movq	%rax, %rdi
  49 003b 4889C3   		movq	%rax, %rbx
  50 003e E8000000 		call	fseek@PLT
  50      00
  51 0043 85C0     		testl	%eax, %eax
  52 0045 7559     		jne	.L16
  53 0047 4889DF   		movq	%rbx, %rdi
  54 004a E8000000 		call	ftell@PLT
  54      00
  55 004f 4885C0   		testq	%rax, %rax
  56 0052 4989C6   		movq	%rax, %r14
  57 0055 0F88D500 		js	.L17
  57      0000
  58 005b 31F6     		xorl	%esi, %esi
  59 005d 4889E9   		movq	%rbp, %rcx
  60 0060 4889C2   		movq	%rax, %rdx
  61 0063 4C89E7   		movq	%r12, %rdi
  62 0066 E8000000 		call	bufAppendConst@PLT
  62      00
  63 006b 85C0     		testl	%eax, %eax
  64 006d 4189C5   		movl	%eax, %r13d
  65 0070 744E     		je	.L7
  66 0072 488D3500 		leaq	.LC1(%rip), %rsi
  66      000000
  67 0079 4889EF   		movq	%rbp, %rdi
  68 007c E8000000 		call	errPrefix@PLT
  68      00
  69              	.L5:
  70 0081 4889DF   		movq	%rbx, %rdi
  71 0084 E8000000 		call	fclose@PLT
  71      00
  72              	.L1:
  73 0089 4883C408 		addq	$8, %rsp
  74              		.cfi_remember_state
  75              		.cfi_def_cfa_offset 56
  76 008d 4489E8   		movl	%r13d, %eax
  77 0090 5B       		popq	%rbx
  78              		.cfi_def_cfa_offset 48
  79 0091 5D       		popq	%rbp
  80              		.cfi_def_cfa_offset 40
  81 0092 415C     		popq	%r12
  82              		.cfi_def_cfa_offset 32
  83 0094 415D     		popq	%r13
  84              		.cfi_def_cfa_offset 24
  85 0096 415E     		popq	%r14
  86              		.cfi_def_cfa_offset 16
  87 0098 415F     		popq	%r15
  88              		.cfi_def_cfa_offset 8
  89 009a C3       		ret
  90 009b 0F1F4400 		.p2align 4,,10
  90      00
  91              		.p2align 3
  92              	.L16:
  93              		.cfi_restore_state
  94 00a0 4889EF   		movq	%rbp, %rdi
  95 00a3 41BD0300 		movl	$3, %r13d
  95      0000
  96 00a9 E8000000 		call	errRenderStd@PLT
  96      00
  97 00ae 488D3500 		leaq	.LC1(%rip), %rsi
  97      000000
  98 00b5 4889EF   		movq	%rbp, %rdi
  99 00b8 E8000000 		call	errPrefix@PLT
  99      00
 100 00bd EBC2     		jmp	.L5
 101 00bf 90       		.p2align 4,,10
 102              		.p2align 3
 103              	.L7:
 104 00c0 4889DF   		movq	%rbx, %rdi
 105 00c3 E8000000 		call	rewind@PLT
 105      00
 106 00c8 498B3C24 		movq	(%r12), %rdi
 107 00cc 4889D9   		movq	%rbx, %rcx
 108 00cf 4C89F2   		movq	%r14, %rdx
 109 00d2 BE010000 		movl	$1, %esi
 109      00
 110 00d7 4C01FF   		addq	%r15, %rdi
 111 00da E8000000 		call	fread@PLT
 111      00
 112 00df 4939C6   		cmpq	%rax, %r14
 113 00e2 4989C4   		movq	%rax, %r12
 114 00e5 749A     		je	.L5
 115 00e7 4889DF   		movq	%rbx, %rdi
 116 00ea E8000000 		call	feof@PLT
 116      00
 117 00ef 85C0     		testl	%eax, %eax
 118 00f1 0F858900 		jne	.L18
 118      0000
 119 00f7 4889DF   		movq	%rbx, %rdi
 120 00fa E8000000 		call	ferror@PLT
 120      00
 121 00ff 85C0     		testl	%eax, %eax
 122 0101 0F847AFF 		je	.L5
 122      FFFF
 123 0107 4889EF   		movq	%rbp, %rdi
 124 010a 41BD0600 		movl	$6, %r13d
 124      0000
 125 0110 E8000000 		call	errRenderStd@PLT
 125      00
 126 0115 488D3500 		leaq	.LC1(%rip), %rsi
 126      000000
 127 011c 4889EF   		movq	%rbp, %rdi
 128 011f E8000000 		call	errPrefix@PLT
 128      00
 129 0124 E958FFFF 		jmp	.L5
 129      FF
 130 0129 0F1F8000 		.p2align 4,,10
 130      000000
 131              		.p2align 3
 132              	.L17:
 133 0130 4889EF   		movq	%rbp, %rdi
 134 0133 41BD0400 		movl	$4, %r13d
 134      0000
 135 0139 E8000000 		call	errRenderStd@PLT
 135      00
 136 013e 488D3500 		leaq	.LC1(%rip), %rsi
 136      000000
 137 0145 4889EF   		movq	%rbp, %rdi
 138 0148 E8000000 		call	errPrefix@PLT
 138      00
 139 014d E92FFFFF 		jmp	.L5
 139      FF
 140              		.p2align 4,,10
 141 0152 660F1F44 		.p2align 3
 141      0000
 142              	.L15:
 143 0158 4889EF   		movq	%rbp, %rdi
 144 015b 41BD0200 		movl	$2, %r13d
 144      0000
 145 0161 E8000000 		call	errRenderStd@PLT
 145      00
 146 0166 488D3500 		leaq	.LC1(%rip), %rsi
 146      000000
 147 016d 4889EF   		movq	%rbp, %rdi
 148 0170 E8000000 		call	errPrefix@PLT
 148      00
 149 0175 E90FFFFF 		jmp	.L1
 149      FF
 150 017a 660F1F44 		.p2align 4,,10
 150      0000
 151              		.p2align 3
 152              	.L18:
 153 0180 488D3500 		leaq	.LC2(%rip), %rsi
 153      000000
 154 0187 4C89E2   		movq	%r12, %rdx
 155 018a 4889EF   		movq	%rbp, %rdi
 156 018d 31C0     		xorl	%eax, %eax
 157 018f 41BD0500 		movl	$5, %r13d
 157      0000
 158 0195 E8000000 		call	errRender@PLT
 158      00
 159 019a E9E2FEFF 		jmp	.L5
 159      FF
 160              		.cfi_endproc
 161              	.LFE17:
 163              		.section	.rodata.str1.1
 164              	.LC3:
 165 001d 776200   		.string	"wb"
 166              	.LC4:
 167 0020 62756657 		.string	"bufWriteBinaryFile()"
 167      72697465 
 167      42696E61 
 167      72794669 
 167      6C652829 
 168              		.text
 169 019f 90       		.p2align 4,,15
 170              		.globl	bufWriteBinaryFile
 172              	bufWriteBinaryFile:
 173              	.LFB18:
 174              		.cfi_startproc
 175 01a0 4156     		pushq	%r14
 176              		.cfi_def_cfa_offset 16
 177              		.cfi_offset 14, -16
 178 01a2 4989FE   		movq	%rdi, %r14
 179 01a5 4155     		pushq	%r13
 180              		.cfi_def_cfa_offset 24
 181              		.cfi_offset 13, -24
 182 01a7 4889F7   		movq	%rsi, %rdi
 183 01aa 4154     		pushq	%r12
 184              		.cfi_def_cfa_offset 32
 185              		.cfi_offset 12, -32
 186 01ac 488D3500 		leaq	.LC3(%rip), %rsi
 186      000000
 187 01b3 55       		pushq	%rbp
 188              		.cfi_def_cfa_offset 40
 189              		.cfi_offset 6, -40
 190 01b4 53       		pushq	%rbx
 191              		.cfi_def_cfa_offset 48
 192              		.cfi_offset 3, -48
 193 01b5 4889D5   		movq	%rdx, %rbp
 194 01b8 4989CC   		movq	%rcx, %r12
 195 01bb 4D89C5   		movq	%r8, %r13
 196 01be E8000000 		call	fopen@PLT
 196      00
 197 01c3 4885C0   		testq	%rax, %rax
 198 01c6 7458     		je	.L25
 199 01c8 498B3E   		movq	(%r14), %rdi
 200 01cb 4889C1   		movq	%rax, %rcx
 201 01ce 4C89E2   		movq	%r12, %rdx
 202 01d1 BE010000 		movl	$1, %esi
 202      00
 203 01d6 4889C3   		movq	%rax, %rbx
 204 01d9 4801EF   		addq	%rbp, %rdi
 205 01dc 31ED     		xorl	%ebp, %ebp
 206 01de E8000000 		call	fwrite@PLT
 206      00
 207 01e3 4939C4   		cmpq	%rax, %r12
 208 01e6 7518     		jne	.L26
 209              	.L22:
 210 01e8 4889DF   		movq	%rbx, %rdi
 211 01eb E8000000 		call	fclose@PLT
 211      00
 212 01f0 5B       		popq	%rbx
 213              		.cfi_remember_state
 214              		.cfi_def_cfa_offset 40
 215 01f1 89E8     		movl	%ebp, %eax
 216 01f3 5D       		popq	%rbp
 217              		.cfi_def_cfa_offset 32
 218 01f4 415C     		popq	%r12
 219              		.cfi_def_cfa_offset 24
 220 01f6 415D     		popq	%r13
 221              		.cfi_def_cfa_offset 16
 222 01f8 415E     		popq	%r14
 223              		.cfi_def_cfa_offset 8
 224 01fa C3       		ret
 225 01fb 0F1F4400 		.p2align 4,,10
 225      00
 226              		.p2align 3
 227              	.L26:
 228              		.cfi_restore_state
 229 0200 4C89EF   		movq	%r13, %rdi
 230 0203 BD060000 		movl	$6, %ebp
 230      00
 231 0208 E8000000 		call	errRenderStd@PLT
 231      00
 232 020d 488D3500 		leaq	.LC4(%rip), %rsi
 232      000000
 233 0214 4C89EF   		movq	%r13, %rdi
 234 0217 E8000000 		call	errPrefix@PLT
 234      00
 235 021c EBCA     		jmp	.L22
 236 021e 6690     		.p2align 4,,10
 237              		.p2align 3
 238              	.L25:
 239 0220 4C89EF   		movq	%r13, %rdi
 240 0223 BD020000 		movl	$2, %ebp
 240      00
 241 0228 E8000000 		call	errRenderStd@PLT
 241      00
 242 022d 488D3500 		leaq	.LC4(%rip), %rsi
 242      000000
 243 0234 4C89EF   		movq	%r13, %rdi
 244 0237 E8000000 		call	errPrefix@PLT
 244      00
 245 023c 5B       		popq	%rbx
 246              		.cfi_def_cfa_offset 40
 247 023d 89E8     		movl	%ebp, %eax
 248 023f 5D       		popq	%rbp
 249              		.cfi_def_cfa_offset 32
 250 0240 415C     		popq	%r12
 251              		.cfi_def_cfa_offset 24
 252 0242 415D     		popq	%r13
 253              		.cfi_def_cfa_offset 16
 254 0244 415E     		popq	%r14
 255              		.cfi_def_cfa_offset 8
 256 0246 C3       		ret
 257              		.cfi_endproc
 258              	.LFE18:
 260              		.ident	"GCC: (Ubuntu 7.2.0-8ubuntu3.2) 7.2.0"
 261              		.section	.note.GNU-stack,"",@progbits
DEFINED SYMBOLS
                            *ABS*:0000000000000000 binio.c
     /tmp/ccXNXVAx.s:15     .text:0000000000000000 bufAppendFromBinaryFile
     /tmp/ccXNXVAx.s:172    .text:00000000000001a0 bufWriteBinaryFile
     /tmp/ccXNXVAx.s:3      .rodata.str1.1:0000000000000000 .LC0
     /tmp/ccXNXVAx.s:5      .rodata.str1.1:0000000000000003 .LC1
     /tmp/ccXNXVAx.s:9      .rodata.str1.8:0000000000000000 .LC2
     /tmp/ccXNXVAx.s:164    .rodata.str1.1:000000000000001d .LC3
     /tmp/ccXNXVAx.s:166    .rodata.str1.1:0000000000000020 .LC4

UNDEFINED SYMBOLS
_GLOBAL_OFFSET_TABLE_
fopen
fseek
ftell
bufAppendConst
errPrefix
fclose
errRenderStd
rewind
fread
feof
ferror
errRender
fwrite
