   1              		.file	"Checks.cpp"
   2              		.section	.text._ZN8UnitTest15MemoryOutStreamD1Ev,"axG",@progbits,_ZN8UnitTest15MemoryOutStreamD1Ev
   3              		.align 2
   4              		.p2align 4,,15
   5              		.weak	_ZN8UnitTest15MemoryOutStreamD1Ev
   7              	_ZN8UnitTest15MemoryOutStreamD1Ev:
   8              	.LFB1224:
   9              		.cfi_startproc
  10 0000 55       		pushq	%rbp
  11              		.cfi_def_cfa_offset 16
  12              		.cfi_offset 6, -16
  13 0001 53       		pushq	%rbx
  14              		.cfi_def_cfa_offset 24
  15              		.cfi_offset 3, -24
  16 0002 4889FB   		movq	%rdi, %rbx
  17 0005 4883EC08 		subq	$8, %rsp
  18              		.cfi_def_cfa_offset 32
  19 0009 488B0500 		movq	_ZTVN8UnitTest15MemoryOutStreamE@GOTPCREL(%rip), %rax
  19      000000
  20 0010 488D5018 		leaq	24(%rax), %rdx
  21 0014 4883C040 		addq	$64, %rax
  22 0018 48898790 		movq	%rax, 144(%rdi)
  22      000000
  23 001f 488D8380 		leaq	128(%rbx), %rax
  23      000000
  24 0026 488917   		movq	%rdx, (%rdi)
  25 0029 488B7F70 		movq	112(%rdi), %rdi
  26 002d 4839C7   		cmpq	%rax, %rdi
  27 0030 7405     		je	.L2
  28 0032 E8000000 		call	_ZdlPv@PLT
  28      00
  29              	.L2:
  30 0037 488D0500 		leaq	24+_ZTCN8UnitTest15MemoryOutStreamE0_NSt7__cxx1119basic_ostringstreamIcSt11char_traitsIcESaIc
  30      000000
  31 003e 488B7B50 		movq	80(%rbx), %rdi
  32 0042 488DAB90 		leaq	144(%rbx), %rbp
  32      000000
  33 0049 488903   		movq	%rax, (%rbx)
  34 004c 4883C028 		addq	$40, %rax
  35 0050 48898390 		movq	%rax, 144(%rbx)
  35      000000
  36 0057 488B0500 		movq	_ZTVNSt7__cxx1115basic_stringbufIcSt11char_traitsIcESaIcEEE@GOTPCREL(%rip), %rax
  36      000000
  37 005e 4883C010 		addq	$16, %rax
  38 0062 48894308 		movq	%rax, 8(%rbx)
  39 0066 488D4360 		leaq	96(%rbx), %rax
  40 006a 4839C7   		cmpq	%rax, %rdi
  41 006d 7405     		je	.L3
  42 006f E8000000 		call	_ZdlPv@PLT
  42      00
  43              	.L3:
  44 0074 488B0500 		movq	_ZTVSt15basic_streambufIcSt11char_traitsIcEE@GOTPCREL(%rip), %rax
  44      000000
  45 007b 488D7B40 		leaq	64(%rbx), %rdi
  46 007f 4883C010 		addq	$16, %rax
  47 0083 48894308 		movq	%rax, 8(%rbx)
  48 0087 E8000000 		call	_ZNSt6localeD1Ev@PLT
  48      00
  49 008c 488D0500 		leaq	24+_ZTCN8UnitTest15MemoryOutStreamE0_So(%rip), %rax
  49      000000
  50 0093 4889EF   		movq	%rbp, %rdi
  51 0096 488903   		movq	%rax, (%rbx)
  52 0099 488B0500 		movq	_ZTVSt9basic_iosIcSt11char_traitsIcEE@GOTPCREL(%rip), %rax
  52      000000
  53 00a0 4883C010 		addq	$16, %rax
  54 00a4 48898390 		movq	%rax, 144(%rbx)
  54      000000
  55 00ab 4883C408 		addq	$8, %rsp
  56              		.cfi_def_cfa_offset 24
  57 00af 5B       		popq	%rbx
  58              		.cfi_def_cfa_offset 16
  59 00b0 5D       		popq	%rbp
  60              		.cfi_def_cfa_offset 8
  61 00b1 E9000000 		jmp	_ZNSt8ios_baseD2Ev@PLT
  61      00
  62              		.cfi_endproc
  63              	.LFE1224:
  65              		.section	.text._ZN8UnitTest15MemoryOutStreamD0Ev,"axG",@progbits,_ZN8UnitTest15MemoryOutStreamD0Ev
  66              		.p2align 4,,15
  67              		.weak	_ZTv0_n24_N8UnitTest15MemoryOutStreamD0Ev
  69              	_ZTv0_n24_N8UnitTest15MemoryOutStreamD0Ev:
  70              	.LFB1244:
  71              		.cfi_startproc
  72              		.cfi_personality 0x9b,DW.ref.__gxx_personality_v0
  73              		.cfi_lsda 0x1b,.LLSDA1244
  74 0000 55       		pushq	%rbp
  75              		.cfi_def_cfa_offset 16
  76              		.cfi_offset 6, -16
  77 0001 53       		pushq	%rbx
  78              		.cfi_def_cfa_offset 24
  79              		.cfi_offset 3, -24
  80 0002 4883EC08 		subq	$8, %rsp
  81              		.cfi_def_cfa_offset 32
  82 0006 488B07   		movq	(%rdi), %rax
  83 0009 480378E8 		addq	-24(%rax), %rdi
  84 000d 488B0500 		movq	_ZTVN8UnitTest15MemoryOutStreamE@GOTPCREL(%rip), %rax
  84      000000
  85 0014 488D5018 		leaq	24(%rax), %rdx
  86 0018 4883C040 		addq	$64, %rax
  87 001c 4889FB   		movq	%rdi, %rbx
  88 001f 48898790 		movq	%rax, 144(%rdi)
  88      000000
  89 0026 488917   		movq	%rdx, (%rdi)
  90 0029 488B7F70 		movq	112(%rdi), %rdi
  91 002d 488D8380 		leaq	128(%rbx), %rax
  91      000000
  92 0034 4839C7   		cmpq	%rax, %rdi
  93 0037 7405     		je	.L7
  94 0039 E8000000 		call	_ZdlPv@PLT
  94      00
  95              	.L7:
  96 003e 488D0500 		leaq	24+_ZTCN8UnitTest15MemoryOutStreamE0_NSt7__cxx1119basic_ostringstreamIcSt11char_traitsIcESaIc
  96      000000
  97 0045 488B7B50 		movq	80(%rbx), %rdi
  98 0049 488DAB90 		leaq	144(%rbx), %rbp
  98      000000
  99 0050 488903   		movq	%rax, (%rbx)
 100 0053 4883C028 		addq	$40, %rax
 101 0057 48898390 		movq	%rax, 144(%rbx)
 101      000000
 102 005e 488B0500 		movq	_ZTVNSt7__cxx1115basic_stringbufIcSt11char_traitsIcESaIcEEE@GOTPCREL(%rip), %rax
 102      000000
 103 0065 4883C010 		addq	$16, %rax
 104 0069 48894308 		movq	%rax, 8(%rbx)
 105 006d 488D4360 		leaq	96(%rbx), %rax
 106 0071 4839C7   		cmpq	%rax, %rdi
 107 0074 7405     		je	.L8
 108 0076 E8000000 		call	_ZdlPv@PLT
 108      00
 109              	.L8:
 110 007b 488B0500 		movq	_ZTVSt15basic_streambufIcSt11char_traitsIcEE@GOTPCREL(%rip), %rax
 110      000000
 111 0082 488D7B40 		leaq	64(%rbx), %rdi
 112 0086 4883C010 		addq	$16, %rax
 113 008a 48894308 		movq	%rax, 8(%rbx)
 114 008e E8000000 		call	_ZNSt6localeD1Ev@PLT
 114      00
 115 0093 488D0500 		leaq	24+_ZTCN8UnitTest15MemoryOutStreamE0_So(%rip), %rax
 115      000000
 116 009a 4889EF   		movq	%rbp, %rdi
 117 009d 488903   		movq	%rax, (%rbx)
 118 00a0 488B0500 		movq	_ZTVSt9basic_iosIcSt11char_traitsIcEE@GOTPCREL(%rip), %rax
 118      000000
 119 00a7 4883C010 		addq	$16, %rax
 120 00ab 48898390 		movq	%rax, 144(%rbx)
 120      000000
 121              	.LEHB0:
 122 00b2 E8000000 		call	_ZNSt8ios_baseD2Ev@PLT
 122      00
 123              	.LEHE0:
 124 00b7 4883C408 		addq	$8, %rsp
 125              		.cfi_remember_state
 126              		.cfi_def_cfa_offset 24
 127 00bb 4889DF   		movq	%rbx, %rdi
 128 00be 5B       		popq	%rbx
 129              		.cfi_def_cfa_offset 16
 130 00bf 5D       		popq	%rbp
 131              		.cfi_def_cfa_offset 8
 132 00c0 E9000000 		jmp	_ZdlPv@PLT
 132      00
 133              	.L10:
 134              		.cfi_restore_state
 135 00c5 4889C5   		movq	%rax, %rbp
 136 00c8 4889DF   		movq	%rbx, %rdi
 137 00cb E8000000 		call	_ZdlPv@PLT
 137      00
 138 00d0 4889EF   		movq	%rbp, %rdi
 139              	.LEHB1:
 140 00d3 E8000000 		call	_Unwind_Resume@PLT
 140      00
 141              	.LEHE1:
 142              		.cfi_endproc
 143              	.LFE1244:
 144              		.globl	__gxx_personality_v0
 145              		.section	.gcc_except_table._ZTv0_n24_N8UnitTest15MemoryOutStreamD0Ev,"aG",@progbits,_ZN8UnitTest15
 146              	.LLSDA1244:
 147 0000 FF       		.byte	0xff
 148 0001 FF       		.byte	0xff
 149 0002 01       		.byte	0x1
 150 0003 0B       		.uleb128 .LLSDACSE1244-.LLSDACSB1244
 151              	.LLSDACSB1244:
 152 0004 B201     		.uleb128 .LEHB0-.LFB1244
 153 0006 05       		.uleb128 .LEHE0-.LEHB0
 154 0007 C501     		.uleb128 .L10-.LFB1244
 155 0009 00       		.uleb128 0
 156 000a D301     		.uleb128 .LEHB1-.LFB1244
 157 000c 05       		.uleb128 .LEHE1-.LEHB1
 158 000d 00       		.uleb128 0
 159 000e 00       		.uleb128 0
 160              	.LLSDACSE1244:
 161              		.section	.text._ZN8UnitTest15MemoryOutStreamD0Ev,"axG",@progbits,_ZN8UnitTest15MemoryOutStreamD0Ev
 163              		.section	.text._ZN8UnitTest15MemoryOutStreamD1Ev,"axG",@progbits,_ZN8UnitTest15MemoryOutStreamD1Ev
 164 00b6 662E0F1F 		.p2align 4,,15
 164      84000000 
 164      0000
 165              		.weak	_ZTv0_n24_N8UnitTest15MemoryOutStreamD1Ev
 167              	_ZTv0_n24_N8UnitTest15MemoryOutStreamD1Ev:
 168              	.LFB1245:
 169              		.cfi_startproc
 170 00c0 55       		pushq	%rbp
 171              		.cfi_def_cfa_offset 16
 172              		.cfi_offset 6, -16
 173 00c1 53       		pushq	%rbx
 174              		.cfi_def_cfa_offset 24
 175              		.cfi_offset 3, -24
 176 00c2 4883EC08 		subq	$8, %rsp
 177              		.cfi_def_cfa_offset 32
 178 00c6 488B07   		movq	(%rdi), %rax
 179 00c9 480378E8 		addq	-24(%rax), %rdi
 180 00cd 488B0500 		movq	_ZTVN8UnitTest15MemoryOutStreamE@GOTPCREL(%rip), %rax
 180      000000
 181 00d4 488D5018 		leaq	24(%rax), %rdx
 182 00d8 4883C040 		addq	$64, %rax
 183 00dc 4889FB   		movq	%rdi, %rbx
 184 00df 48898790 		movq	%rax, 144(%rdi)
 184      000000
 185 00e6 488917   		movq	%rdx, (%rdi)
 186 00e9 488B7F70 		movq	112(%rdi), %rdi
 187 00ed 488D8380 		leaq	128(%rbx), %rax
 187      000000
 188 00f4 4839C7   		cmpq	%rax, %rdi
 189 00f7 7405     		je	.L13
 190 00f9 E8000000 		call	_ZdlPv@PLT
 190      00
 191              	.L13:
 192 00fe 488D0500 		leaq	24+_ZTCN8UnitTest15MemoryOutStreamE0_NSt7__cxx1119basic_ostringstreamIcSt11char_traitsIcESaIc
 192      000000
 193 0105 488B7B50 		movq	80(%rbx), %rdi
 194 0109 488DAB90 		leaq	144(%rbx), %rbp
 194      000000
 195 0110 488903   		movq	%rax, (%rbx)
 196 0113 4883C028 		addq	$40, %rax
 197 0117 48898390 		movq	%rax, 144(%rbx)
 197      000000
 198 011e 488B0500 		movq	_ZTVNSt7__cxx1115basic_stringbufIcSt11char_traitsIcESaIcEEE@GOTPCREL(%rip), %rax
 198      000000
 199 0125 4883C010 		addq	$16, %rax
 200 0129 48894308 		movq	%rax, 8(%rbx)
 201 012d 488D4360 		leaq	96(%rbx), %rax
 202 0131 4839C7   		cmpq	%rax, %rdi
 203 0134 7405     		je	.L14
 204 0136 E8000000 		call	_ZdlPv@PLT
 204      00
 205              	.L14:
 206 013b 488B0500 		movq	_ZTVSt15basic_streambufIcSt11char_traitsIcEE@GOTPCREL(%rip), %rax
 206      000000
 207 0142 488D7B40 		leaq	64(%rbx), %rdi
 208 0146 4883C010 		addq	$16, %rax
 209 014a 48894308 		movq	%rax, 8(%rbx)
 210 014e E8000000 		call	_ZNSt6localeD1Ev@PLT
 210      00
 211 0153 488D0500 		leaq	24+_ZTCN8UnitTest15MemoryOutStreamE0_So(%rip), %rax
 211      000000
 212 015a 4889EF   		movq	%rbp, %rdi
 213 015d 488903   		movq	%rax, (%rbx)
 214 0160 488B0500 		movq	_ZTVSt9basic_iosIcSt11char_traitsIcEE@GOTPCREL(%rip), %rax
 214      000000
 215 0167 4883C010 		addq	$16, %rax
 216 016b 48898390 		movq	%rax, 144(%rbx)
 216      000000
 217 0172 4883C408 		addq	$8, %rsp
 218              		.cfi_def_cfa_offset 24
 219 0176 5B       		popq	%rbx
 220              		.cfi_def_cfa_offset 16
 221 0177 5D       		popq	%rbp
 222              		.cfi_def_cfa_offset 8
 223 0178 E9000000 		jmp	_ZNSt8ios_baseD2Ev@PLT
 223      00
 224              		.cfi_endproc
 225              	.LFE1245:
 227              		.section	.text._ZN8UnitTest15MemoryOutStreamD0Ev,"axG",@progbits,_ZN8UnitTest15MemoryOutStreamD0Ev
 228              		.align 2
 229 00d8 0F1F8400 		.p2align 4,,15
 229      00000000 
 230              		.weak	_ZN8UnitTest15MemoryOutStreamD0Ev
 232              	_ZN8UnitTest15MemoryOutStreamD0Ev:
 233              	.LFB1225:
 234              		.cfi_startproc
 235              		.cfi_personality 0x9b,DW.ref.__gxx_personality_v0
 236              		.cfi_lsda 0x1b,.LLSDA1225
 237 00e0 55       		pushq	%rbp
 238              		.cfi_def_cfa_offset 16
 239              		.cfi_offset 6, -16
 240 00e1 53       		pushq	%rbx
 241              		.cfi_def_cfa_offset 24
 242              		.cfi_offset 3, -24
 243 00e2 4889FB   		movq	%rdi, %rbx
 244 00e5 4883EC08 		subq	$8, %rsp
 245              		.cfi_def_cfa_offset 32
 246 00e9 488B0500 		movq	_ZTVN8UnitTest15MemoryOutStreamE@GOTPCREL(%rip), %rax
 246      000000
 247 00f0 488D5018 		leaq	24(%rax), %rdx
 248 00f4 4883C040 		addq	$64, %rax
 249 00f8 48898790 		movq	%rax, 144(%rdi)
 249      000000
 250 00ff 488D8380 		leaq	128(%rbx), %rax
 250      000000
 251 0106 488917   		movq	%rdx, (%rdi)
 252 0109 488B7F70 		movq	112(%rdi), %rdi
 253 010d 4839C7   		cmpq	%rax, %rdi
 254 0110 7405     		je	.L17
 255 0112 E8000000 		call	_ZdlPv@PLT
 255      00
 256              	.L17:
 257 0117 488D0500 		leaq	24+_ZTCN8UnitTest15MemoryOutStreamE0_NSt7__cxx1119basic_ostringstreamIcSt11char_traitsIcESaIc
 257      000000
 258 011e 488B7B50 		movq	80(%rbx), %rdi
 259 0122 488DAB90 		leaq	144(%rbx), %rbp
 259      000000
 260 0129 488903   		movq	%rax, (%rbx)
 261 012c 4883C028 		addq	$40, %rax
 262 0130 48898390 		movq	%rax, 144(%rbx)
 262      000000
 263 0137 488B0500 		movq	_ZTVNSt7__cxx1115basic_stringbufIcSt11char_traitsIcESaIcEEE@GOTPCREL(%rip), %rax
 263      000000
 264 013e 4883C010 		addq	$16, %rax
 265 0142 48894308 		movq	%rax, 8(%rbx)
 266 0146 488D4360 		leaq	96(%rbx), %rax
 267 014a 4839C7   		cmpq	%rax, %rdi
 268 014d 7405     		je	.L18
 269 014f E8000000 		call	_ZdlPv@PLT
 269      00
 270              	.L18:
 271 0154 488B0500 		movq	_ZTVSt15basic_streambufIcSt11char_traitsIcEE@GOTPCREL(%rip), %rax
 271      000000
 272 015b 488D7B40 		leaq	64(%rbx), %rdi
 273 015f 4883C010 		addq	$16, %rax
 274 0163 48894308 		movq	%rax, 8(%rbx)
 275 0167 E8000000 		call	_ZNSt6localeD1Ev@PLT
 275      00
 276 016c 488D0500 		leaq	24+_ZTCN8UnitTest15MemoryOutStreamE0_So(%rip), %rax
 276      000000
 277 0173 4889EF   		movq	%rbp, %rdi
 278 0176 488903   		movq	%rax, (%rbx)
 279 0179 488B0500 		movq	_ZTVSt9basic_iosIcSt11char_traitsIcEE@GOTPCREL(%rip), %rax
 279      000000
 280 0180 4883C010 		addq	$16, %rax
 281 0184 48898390 		movq	%rax, 144(%rbx)
 281      000000
 282              	.LEHB2:
 283 018b E8000000 		call	_ZNSt8ios_baseD2Ev@PLT
 283      00
 284              	.LEHE2:
 285 0190 4883C408 		addq	$8, %rsp
 286              		.cfi_remember_state
 287              		.cfi_def_cfa_offset 24
 288 0194 4889DF   		movq	%rbx, %rdi
 289 0197 5B       		popq	%rbx
 290              		.cfi_def_cfa_offset 16
 291 0198 5D       		popq	%rbp
 292              		.cfi_def_cfa_offset 8
 293 0199 E9000000 		jmp	_ZdlPv@PLT
 293      00
 294              	.L20:
 295              		.cfi_restore_state
 296 019e 4889C5   		movq	%rax, %rbp
 297 01a1 4889DF   		movq	%rbx, %rdi
 298 01a4 E8000000 		call	_ZdlPv@PLT
 298      00
 299 01a9 4889EF   		movq	%rbp, %rdi
 300              	.LEHB3:
 301 01ac E8000000 		call	_Unwind_Resume@PLT
 301      00
 302              	.LEHE3:
 303              		.cfi_endproc
 304              	.LFE1225:
 305              		.section	.gcc_except_table._ZN8UnitTest15MemoryOutStreamD0Ev,"aG",@progbits,_ZN8UnitTest15MemoryOu
 306              	.LLSDA1225:
 307 0000 FF       		.byte	0xff
 308 0001 FF       		.byte	0xff
 309 0002 01       		.byte	0x1
 310 0003 0B       		.uleb128 .LLSDACSE1225-.LLSDACSB1225
 311              	.LLSDACSB1225:
 312 0004 AB01     		.uleb128 .LEHB2-.LFB1225
 313 0006 05       		.uleb128 .LEHE2-.LEHB2
 314 0007 BE01     		.uleb128 .L20-.LFB1225
 315 0009 00       		.uleb128 0
 316 000a CC01     		.uleb128 .LEHB3-.LFB1225
 317 000c 05       		.uleb128 .LEHE3-.LEHB3
 318 000d 00       		.uleb128 0
 319 000e 00       		.uleb128 0
 320              	.LLSDACSE1225:
 321              		.section	.text._ZN8UnitTest15MemoryOutStreamD0Ev,"axG",@progbits,_ZN8UnitTest15MemoryOutStreamD0Ev
 323              		.section	.rodata.str1.1,"aMS",@progbits,1
 324              	.LC0:
 325 0000 45787065 		.string	"Expected "
 325      63746564 
 325      2000
 326              	.LC1:
 327 000a 20627574 		.string	" but was "
 327      20776173 
 327      2000
 328              		.text
 329              		.p2align 4,,15
 331              	_ZN8UnitTest12_GLOBAL__N_117CheckStringsEqualERNS_11TestResultsEPKcS4_RKNS_11TestDetailsE:
 332              	.LFB1138:
 333              		.cfi_startproc
 334              		.cfi_personality 0x9b,DW.ref.__gxx_personality_v0
 335              		.cfi_lsda 0x1b,.LLSDA1138
 336 0000 4157     		pushq	%r15
 337              		.cfi_def_cfa_offset 16
 338              		.cfi_offset 15, -16
 339 0002 4156     		pushq	%r14
 340              		.cfi_def_cfa_offset 24
 341              		.cfi_offset 14, -24
 342 0004 4989CE   		movq	%rcx, %r14
 343 0007 4155     		pushq	%r13
 344              		.cfi_def_cfa_offset 32
 345              		.cfi_offset 13, -32
 346 0009 4154     		pushq	%r12
 347              		.cfi_def_cfa_offset 40
 348              		.cfi_offset 12, -40
 349 000b 4989F4   		movq	%rsi, %r12
 350 000e 55       		pushq	%rbp
 351              		.cfi_def_cfa_offset 48
 352              		.cfi_offset 6, -48
 353 000f 53       		pushq	%rbx
 354              		.cfi_def_cfa_offset 56
 355              		.cfi_offset 3, -56
 356 0010 4989FD   		movq	%rdi, %r13
 357 0013 4889D6   		movq	%rdx, %rsi
 358 0016 4C89E7   		movq	%r12, %rdi
 359 0019 4889D5   		movq	%rdx, %rbp
 360 001c 4881ECB8 		subq	$440, %rsp
 360      010000
 361              		.cfi_def_cfa_offset 496
 362 0023 64488B04 		movq	%fs:40, %rax
 362      25280000 
 362      00
 363 002c 48898424 		movq	%rax, 424(%rsp)
 363      A8010000 
 364 0034 31C0     		xorl	%eax, %eax
 365 0036 E8000000 		call	strcmp@PLT
 365      00
 366 003b 85C0     		testl	%eax, %eax
 367 003d 7531     		jne	.L42
 368              	.L22:
 369 003f 488B8424 		movq	424(%rsp), %rax
 369      A8010000 
 370 0047 64483304 		xorq	%fs:40, %rax
 370      25280000 
 370      00
 371 0050 0F85A002 		jne	.L43
 371      0000
 372 0056 4881C4B8 		addq	$440, %rsp
 372      010000
 373              		.cfi_remember_state
 374              		.cfi_def_cfa_offset 56
 375 005d 5B       		popq	%rbx
 376              		.cfi_def_cfa_offset 48
 377 005e 5D       		popq	%rbp
 378              		.cfi_def_cfa_offset 40
 379 005f 415C     		popq	%r12
 380              		.cfi_def_cfa_offset 32
 381 0061 415D     		popq	%r13
 382              		.cfi_def_cfa_offset 24
 383 0063 415E     		popq	%r14
 384              		.cfi_def_cfa_offset 16
 385 0065 415F     		popq	%r15
 386              		.cfi_def_cfa_offset 8
 387 0067 C3       		ret
 388 0068 0F1F8400 		.p2align 4,,10
 388      00000000 
 389              		.p2align 3
 390              	.L42:
 391              		.cfi_restore_state
 392 0070 488D5C24 		leaq	16(%rsp), %rbx
 392      10
 393 0075 4C8D3D00 		leaq	24+_ZTCN8UnitTest15MemoryOutStreamE0_So(%rip), %r15
 393      000000
 394 007c 488D8390 		leaq	144(%rbx), %rax
 394      000000
 395 0083 4889C7   		movq	%rax, %rdi
 396 0086 48894424 		movq	%rax, 8(%rsp)
 396      08
 397 008b E8000000 		call	_ZNSt8ios_baseC2Ev@PLT
 397      00
 398 0090 498D4728 		leaq	40(%r15), %rax
 399 0094 31F6     		xorl	%esi, %esi
 400 0096 48C78424 		movq	$0, 376(%rsp)
 400      78010000 
 400      00000000 
 401 00a2 C6842480 		movb	$0, 384(%rsp)
 401      01000000 
 402 00aa C6842481 		movb	$0, 385(%rsp)
 402      01000000 
 403 00b2 48898424 		movq	%rax, 160(%rsp)
 403      A0000000 
 404 00ba 488B4424 		movq	8(%rsp), %rax
 404      08
 405 00bf 48C78424 		movq	$0, 392(%rsp)
 405      88010000 
 405      00000000 
 406 00cb 48C78424 		movq	$0, 400(%rsp)
 406      90010000 
 406      00000000 
 407 00d7 48C78424 		movq	$0, 408(%rsp)
 407      98010000 
 407      00000000 
 408 00e3 48C78424 		movq	$0, 416(%rsp)
 408      A0010000 
 408      00000000 
 409 00ef 4889C7   		movq	%rax, %rdi
 410 00f2 4C897C24 		movq	%r15, 16(%rsp)
 410      10
 411              	.LEHB4:
 412 00f7 E8000000 		call	_ZNSt9basic_iosIcSt11char_traitsIcEE4initEPSt15basic_streambufIcS1_E@PLT
 412      00
 413              	.LEHE4:
 414 00fc 488D0500 		leaq	24+_ZTCN8UnitTest15MemoryOutStreamE0_NSt7__cxx1119basic_ostringstreamIcSt11char_traitsIcESaIc
 414      000000
 415 0103 660FEFC0 		pxor	%xmm0, %xmm0
 416 0107 488D7B40 		leaq	64(%rbx), %rdi
 417 010b 48894424 		movq	%rax, 16(%rsp)
 417      10
 418 0110 4883C028 		addq	$40, %rax
 419 0114 48898424 		movq	%rax, 160(%rsp)
 419      A0000000 
 420 011c 488B0500 		movq	_ZTVSt15basic_streambufIcSt11char_traitsIcEE@GOTPCREL(%rip), %rax
 420      000000
 421 0123 0F294424 		movaps	%xmm0, 32(%rsp)
 421      20
 422 0128 4883C010 		addq	$16, %rax
 423 012c 0F294424 		movaps	%xmm0, 48(%rsp)
 423      30
 424 0131 48894424 		movq	%rax, 24(%rsp)
 424      18
 425 0136 0F294424 		movaps	%xmm0, 64(%rsp)
 425      40
 426 013b E8000000 		call	_ZNSt6localeC1Ev@PLT
 426      00
 427 0140 488D7308 		leaq	8(%rbx), %rsi
 428 0144 488B0500 		movq	_ZTVNSt7__cxx1115basic_stringbufIcSt11char_traitsIcESaIcEEE@GOTPCREL(%rip), %rax
 428      000000
 429 014b C7442458 		movl	$16, 88(%rsp)
 429      10000000 
 430 0153 48C74424 		movq	$0, 104(%rsp)
 430      68000000 
 430      00
 431 015c C6442470 		movb	$0, 112(%rsp)
 431      00
 432 0161 4883C010 		addq	$16, %rax
 433 0165 48894424 		movq	%rax, 24(%rsp)
 433      18
 434 016a 488D4360 		leaq	96(%rbx), %rax
 435 016e 48894424 		movq	%rax, 96(%rsp)
 435      60
 436 0173 488B4424 		movq	16(%rsp), %rax
 436      10
 437 0178 488B78E8 		movq	-24(%rax), %rdi
 438 017c 4801DF   		addq	%rbx, %rdi
 439              	.LEHB5:
 440 017f E8000000 		call	_ZNSt9basic_iosIcSt11char_traitsIcEE4initEPSt15basic_streambufIcS1_E@PLT
 440      00
 441              	.LEHE5:
 442 0184 488B0500 		movq	_ZTVN8UnitTest15MemoryOutStreamE@GOTPCREL(%rip), %rax
 442      000000
 443 018b 488D3500 		leaq	.LC0(%rip), %rsi
 443      000000
 444 0192 BA090000 		movl	$9, %edx
 444      00
 445 0197 4889DF   		movq	%rbx, %rdi
 446 019a 48C78424 		movq	$0, 136(%rsp)
 446      88000000 
 446      00000000 
 447 01a6 C6842490 		movb	$0, 144(%rsp)
 447      00000000 
 448 01ae 4883C018 		addq	$24, %rax
 449 01b2 48894424 		movq	%rax, 16(%rsp)
 449      10
 450 01b7 488B0500 		movq	_ZTVN8UnitTest15MemoryOutStreamE@GOTPCREL(%rip), %rax
 450      000000
 451 01be 4883C040 		addq	$64, %rax
 452 01c2 48898424 		movq	%rax, 160(%rsp)
 452      A0000000 
 453 01ca 488D8380 		leaq	128(%rbx), %rax
 453      000000
 454 01d1 48898424 		movq	%rax, 128(%rsp)
 454      80000000 
 455              	.LEHB6:
 456 01d9 E8000000 		call	_ZSt16__ostream_insertIcSt11char_traitsIcEERSt13basic_ostreamIT_T0_ES6_PKS3_l@PLT
 456      00
 457 01de 4C89E7   		movq	%r12, %rdi
 458 01e1 E8000000 		call	strlen@PLT
 458      00
 459 01e6 4C89E6   		movq	%r12, %rsi
 460 01e9 4889C2   		movq	%rax, %rdx
 461 01ec 4889DF   		movq	%rbx, %rdi
 462 01ef E8000000 		call	_ZSt16__ostream_insertIcSt11char_traitsIcEERSt13basic_ostreamIT_T0_ES6_PKS3_l@PLT
 462      00
 463 01f4 488D3500 		leaq	.LC1(%rip), %rsi
 463      000000
 464 01fb BA090000 		movl	$9, %edx
 464      00
 465 0200 4889DF   		movq	%rbx, %rdi
 466 0203 E8000000 		call	_ZSt16__ostream_insertIcSt11char_traitsIcEERSt13basic_ostreamIT_T0_ES6_PKS3_l@PLT
 466      00
 467 0208 4889EF   		movq	%rbp, %rdi
 468 020b E8000000 		call	strlen@PLT
 468      00
 469 0210 4889EE   		movq	%rbp, %rsi
 470 0213 4889C2   		movq	%rax, %rdx
 471 0216 4889DF   		movq	%rbx, %rdi
 472 0219 E8000000 		call	_ZSt16__ostream_insertIcSt11char_traitsIcEERSt13basic_ostreamIT_T0_ES6_PKS3_l@PLT
 472      00
 473 021e 4889DF   		movq	%rbx, %rdi
 474 0221 E8000000 		call	_ZNK8UnitTest15MemoryOutStream7GetTextEv@PLT
 474      00
 475 0226 4889C2   		movq	%rax, %rdx
 476 0229 4C89F6   		movq	%r14, %rsi
 477 022c 4C89EF   		movq	%r13, %rdi
 478 022f E8000000 		call	_ZN8UnitTest11TestResults13OnTestFailureERKNS_11TestDetailsEPKc@PLT
 478      00
 479              	.LEHE6:
 480 0234 488B0500 		movq	_ZTVN8UnitTest15MemoryOutStreamE@GOTPCREL(%rip), %rax
 480      000000
 481 023b 488BBC24 		movq	128(%rsp), %rdi
 481      80000000 
 482 0243 4883C018 		addq	$24, %rax
 483 0247 48894424 		movq	%rax, 16(%rsp)
 483      10
 484 024c 488B0500 		movq	_ZTVN8UnitTest15MemoryOutStreamE@GOTPCREL(%rip), %rax
 484      000000
 485 0253 4883C040 		addq	$64, %rax
 486 0257 48898424 		movq	%rax, 160(%rsp)
 486      A0000000 
 487 025f 488D8380 		leaq	128(%rbx), %rax
 487      000000
 488 0266 4839C7   		cmpq	%rax, %rdi
 489 0269 7405     		je	.L29
 490 026b E8000000 		call	_ZdlPv@PLT
 490      00
 491              	.L29:
 492 0270 488D0500 		leaq	64+_ZTCN8UnitTest15MemoryOutStreamE0_NSt7__cxx1119basic_ostringstreamIcSt11char_traitsIcESaIc
 492      000000
 493 0277 488B7C24 		movq	96(%rsp), %rdi
 493      60
 494 027c F30F7E05 		movq	.LC2(%rip), %xmm0
 494      00000000 
 495 0284 48898424 		movq	%rax, 160(%rsp)
 495      A0000000 
 496 028c 488B0500 		movq	_ZTVNSt7__cxx1115basic_stringbufIcSt11char_traitsIcESaIcEEE@GOTPCREL(%rip), %rax
 496      000000
 497 0293 4883C010 		addq	$16, %rax
 498 0297 48894424 		movq	%rax, 8(%rsp)
 498      08
 499 029c 488D4360 		leaq	96(%rbx), %rax
 500 02a0 0F164424 		movhps	8(%rsp), %xmm0
 500      08
 501 02a5 4839C7   		cmpq	%rax, %rdi
 502 02a8 0F294424 		movaps	%xmm0, 16(%rsp)
 502      10
 503 02ad 7405     		je	.L30
 504 02af E8000000 		call	_ZdlPv@PLT
 504      00
 505              	.L30:
 506 02b4 488D7B40 		leaq	64(%rbx), %rdi
 507 02b8 488B0500 		movq	_ZTVSt15basic_streambufIcSt11char_traitsIcEE@GOTPCREL(%rip), %rax
 507      000000
 508 02bf 4883C010 		addq	$16, %rax
 509 02c3 48894424 		movq	%rax, 24(%rsp)
 509      18
 510 02c8 E8000000 		call	_ZNSt6localeD1Ev@PLT
 510      00
 511 02cd 488B0500 		movq	_ZTVSt9basic_iosIcSt11char_traitsIcEE@GOTPCREL(%rip), %rax
 511      000000
 512 02d4 488DBB90 		leaq	144(%rbx), %rdi
 512      000000
 513 02db 4C897C24 		movq	%r15, 16(%rsp)
 513      10
 514 02e0 4883C010 		addq	$16, %rax
 515 02e4 48898424 		movq	%rax, 160(%rsp)
 515      A0000000 
 516              	.LEHB7:
 517 02ec E8000000 		call	_ZNSt8ios_baseD2Ev@PLT
 517      00
 518              	.LEHE7:
 519 02f1 E949FDFF 		jmp	.L22
 519      FF
 520              	.L43:
 521 02f6 E8000000 		call	__stack_chk_fail@PLT
 521      00
 522              	.L34:
 523 02fb 4889C5   		movq	%rax, %rbp
 524              	.L27:
 525 02fe 488B0500 		movq	_ZTVSt9basic_iosIcSt11char_traitsIcEE@GOTPCREL(%rip), %rax
 525      000000
 526 0305 488DBB90 		leaq	144(%rbx), %rdi
 526      000000
 527 030c 4883C010 		addq	$16, %rax
 528 0310 48898424 		movq	%rax, 160(%rsp)
 528      A0000000 
 529 0318 E8000000 		call	_ZNSt8ios_baseD2Ev@PLT
 529      00
 530 031d 4889EF   		movq	%rbp, %rdi
 531              	.LEHB8:
 532 0320 E8000000 		call	_Unwind_Resume@PLT
 532      00
 533              	.LEHE8:
 534              	.L35:
 535 0325 4889C5   		movq	%rax, %rbp
 536 0328 488B0500 		movq	_ZTVNSt7__cxx1115basic_stringbufIcSt11char_traitsIcESaIcEEE@GOTPCREL(%rip), %rax
 536      000000
 537 032f 488B7C24 		movq	96(%rsp), %rdi
 537      60
 538 0334 4883C010 		addq	$16, %rax
 539 0338 48894424 		movq	%rax, 24(%rsp)
 539      18
 540 033d 488D4360 		leaq	96(%rbx), %rax
 541 0341 4839C7   		cmpq	%rax, %rdi
 542 0344 7405     		je	.L26
 543 0346 E8000000 		call	_ZdlPv@PLT
 543      00
 544              	.L26:
 545 034b 488B0500 		movq	_ZTVSt15basic_streambufIcSt11char_traitsIcEE@GOTPCREL(%rip), %rax
 545      000000
 546 0352 488D7B40 		leaq	64(%rbx), %rdi
 547 0356 4883C010 		addq	$16, %rax
 548 035a 48894424 		movq	%rax, 24(%rsp)
 548      18
 549 035f E8000000 		call	_ZNSt6localeD1Ev@PLT
 549      00
 550 0364 4C897C24 		movq	%r15, 16(%rsp)
 550      10
 551 0369 EB93     		jmp	.L27
 552              	.L33:
 553 036b 4889C5   		movq	%rax, %rbp
 554 036e 4889DF   		movq	%rbx, %rdi
 555 0371 E8000000 		call	_ZN8UnitTest15MemoryOutStreamD1Ev@PLT
 555      00
 556 0376 4889EF   		movq	%rbp, %rdi
 557              	.LEHB9:
 558 0379 E8000000 		call	_Unwind_Resume@PLT
 558      00
 559              	.LEHE9:
 560              		.cfi_endproc
 561              	.LFE1138:
 562              		.section	.gcc_except_table,"a",@progbits
 563              	.LLSDA1138:
 564 0000 FF       		.byte	0xff
 565 0001 FF       		.byte	0xff
 566 0002 01       		.byte	0x1
 567 0003 21       		.uleb128 .LLSDACSE1138-.LLSDACSB1138
 568              	.LLSDACSB1138:
 569 0004 F701     		.uleb128 .LEHB4-.LFB1138
 570 0006 05       		.uleb128 .LEHE4-.LEHB4
 571 0007 FB05     		.uleb128 .L34-.LFB1138
 572 0009 00       		.uleb128 0
 573 000a FF02     		.uleb128 .LEHB5-.LFB1138
 574 000c 05       		.uleb128 .LEHE5-.LEHB5
 575 000d A506     		.uleb128 .L35-.LFB1138
 576 000f 00       		.uleb128 0
 577 0010 D903     		.uleb128 .LEHB6-.LFB1138
 578 0012 5B       		.uleb128 .LEHE6-.LEHB6
 579 0013 EB06     		.uleb128 .L33-.LFB1138
 580 0015 00       		.uleb128 0
 581 0016 EC05     		.uleb128 .LEHB7-.LFB1138
 582 0018 05       		.uleb128 .LEHE7-.LEHB7
 583 0019 00       		.uleb128 0
 584 001a 00       		.uleb128 0
 585 001b A006     		.uleb128 .LEHB8-.LFB1138
 586 001d 05       		.uleb128 .LEHE8-.LEHB8
 587 001e 00       		.uleb128 0
 588 001f 00       		.uleb128 0
 589 0020 F906     		.uleb128 .LEHB9-.LFB1138
 590 0022 05       		.uleb128 .LEHE9-.LEHB9
 591 0023 00       		.uleb128 0
 592 0024 00       		.uleb128 0
 593              	.LLSDACSE1138:
 594              		.text
 596 037e 6690     		.p2align 4,,15
 597              		.globl	_ZN8UnitTest10CheckEqualERNS_11TestResultsEPKcS3_RKNS_11TestDetailsE
 599              	_ZN8UnitTest10CheckEqualERNS_11TestResultsEPKcS3_RKNS_11TestDetailsE:
 600              	.LFB1139:
 601              		.cfi_startproc
 602 0380 E97BFCFF 		jmp	_ZN8UnitTest12_GLOBAL__N_117CheckStringsEqualERNS_11TestResultsEPKcS4_RKNS_11TestDetailsE
 602      FF
 603              		.cfi_endproc
 604              	.LFE1139:
 606 0385 90662E0F 		.p2align 4,,15
 606      1F840000 
 606      000000
 607              		.globl	_ZN8UnitTest10CheckEqualERNS_11TestResultsEPcS2_RKNS_11TestDetailsE
 609              	_ZN8UnitTest10CheckEqualERNS_11TestResultsEPcS2_RKNS_11TestDetailsE:
 610              	.LFB1239:
 611              		.cfi_startproc
 612 0390 E96BFCFF 		jmp	_ZN8UnitTest12_GLOBAL__N_117CheckStringsEqualERNS_11TestResultsEPKcS4_RKNS_11TestDetailsE
 612      FF
 613              		.cfi_endproc
 614              	.LFE1239:
 616 0395 90662E0F 		.p2align 4,,15
 616      1F840000 
 616      000000
 617              		.globl	_ZN8UnitTest10CheckEqualERNS_11TestResultsEPcPKcRKNS_11TestDetailsE
 619              	_ZN8UnitTest10CheckEqualERNS_11TestResultsEPcPKcRKNS_11TestDetailsE:
 620              	.LFB1241:
 621              		.cfi_startproc
 622 03a0 E95BFCFF 		jmp	_ZN8UnitTest12_GLOBAL__N_117CheckStringsEqualERNS_11TestResultsEPKcS4_RKNS_11TestDetailsE
 622      FF
 623              		.cfi_endproc
 624              	.LFE1241:
 626 03a5 90662E0F 		.p2align 4,,15
 626      1F840000 
 626      000000
 627              		.globl	_ZN8UnitTest10CheckEqualERNS_11TestResultsEPKcPcRKNS_11TestDetailsE
 629              	_ZN8UnitTest10CheckEqualERNS_11TestResultsEPKcPcRKNS_11TestDetailsE:
 630              	.LFB1243:
 631              		.cfi_startproc
 632 03b0 E94BFCFF 		jmp	_ZN8UnitTest12_GLOBAL__N_117CheckStringsEqualERNS_11TestResultsEPKcS4_RKNS_11TestDetailsE
 632      FF
 633              		.cfi_endproc
 634              	.LFE1243:
 636              		.weak	_ZTSN8UnitTest15MemoryOutStreamE
 637              		.section	.rodata._ZTSN8UnitTest15MemoryOutStreamE,"aG",@progbits,_ZTSN8UnitTest15MemoryOutStreamE,
 638              		.align 16
 641              	_ZTSN8UnitTest15MemoryOutStreamE:
 642 0000 4E38556E 		.string	"N8UnitTest15MemoryOutStreamE"
 642      69745465 
 642      73743135 
 642      4D656D6F 
 642      72794F75 
 643              		.weak	_ZTIN8UnitTest15MemoryOutStreamE
 644              		.section	.data.rel.ro._ZTIN8UnitTest15MemoryOutStreamE,"awG",@progbits,_ZTIN8UnitTest15MemoryOutSt
 645              		.align 8
 648              	_ZTIN8UnitTest15MemoryOutStreamE:
 649 0000 00000000 		.quad	_ZTVN10__cxxabiv120__si_class_type_infoE+16
 649      00000000 
 650 0008 00000000 		.quad	_ZTSN8UnitTest15MemoryOutStreamE
 650      00000000 
 651 0010 00000000 		.quad	_ZTINSt7__cxx1119basic_ostringstreamIcSt11char_traitsIcESaIcEEE
 651      00000000 
 652              		.hidden	_ZTCN8UnitTest15MemoryOutStreamE0_So
 653              		.weak	_ZTCN8UnitTest15MemoryOutStreamE0_So
 654              		.section	.data.rel.ro._ZTCN8UnitTest15MemoryOutStreamE0_So,"awG",@progbits,_ZTVN8UnitTest15MemoryO
 655              		.align 8
 658              	_ZTCN8UnitTest15MemoryOutStreamE0_So:
 659 0000 90000000 		.quad	144
 659      00000000 
 660 0008 00000000 		.quad	0
 660      00000000 
 661 0010 00000000 		.quad	_ZTISo
 661      00000000 
 662 0018 00000000 		.quad	0
 662      00000000 
 663 0020 00000000 		.quad	0
 663      00000000 
 664 0028 70FFFFFF 		.quad	-144
 664      FFFFFFFF 
 665 0030 70FFFFFF 		.quad	-144
 665      FFFFFFFF 
 666 0038 00000000 		.quad	_ZTISo
 666      00000000 
 667 0040 00000000 		.quad	0
 667      00000000 
 668 0048 00000000 		.quad	0
 668      00000000 
 669              		.hidden	_ZTCN8UnitTest15MemoryOutStreamE0_NSt7__cxx1119basic_ostringstreamIcSt11char_traitsIcESaIc
 670              		.weak	_ZTCN8UnitTest15MemoryOutStreamE0_NSt7__cxx1119basic_ostringstreamIcSt11char_traitsIcESaIcEE
 671              		.section	.data.rel.ro._ZTCN8UnitTest15MemoryOutStreamE0_NSt7__cxx1119basic_ostringstreamIcSt11char
 672              		.align 8
 675              	_ZTCN8UnitTest15MemoryOutStreamE0_NSt7__cxx1119basic_ostringstreamIcSt11char_traitsIcESaIcEEE:
 676 0000 90000000 		.quad	144
 676      00000000 
 677 0008 00000000 		.quad	0
 677      00000000 
 678 0010 00000000 		.quad	_ZTINSt7__cxx1119basic_ostringstreamIcSt11char_traitsIcESaIcEEE
 678      00000000 
 679 0018 00000000 		.quad	0
 679      00000000 
 680 0020 00000000 		.quad	0
 680      00000000 
 681 0028 70FFFFFF 		.quad	-144
 681      FFFFFFFF 
 682 0030 70FFFFFF 		.quad	-144
 682      FFFFFFFF 
 683 0038 00000000 		.quad	_ZTINSt7__cxx1119basic_ostringstreamIcSt11char_traitsIcESaIcEEE
 683      00000000 
 684 0040 00000000 		.quad	0
 684      00000000 
 685 0048 00000000 		.quad	0
 685      00000000 
 686              		.weak	_ZTTN8UnitTest15MemoryOutStreamE
 687              		.section	.data.rel.ro._ZTTN8UnitTest15MemoryOutStreamE,"awG",@progbits,_ZTVN8UnitTest15MemoryOutSt
 688              		.align 8
 691              	_ZTTN8UnitTest15MemoryOutStreamE:
 692 0000 00000000 		.quad	_ZTVN8UnitTest15MemoryOutStreamE+24
 692      00000000 
 693 0008 00000000 		.quad	_ZTCN8UnitTest15MemoryOutStreamE0_NSt7__cxx1119basic_ostringstreamIcSt11char_traitsIcESaIcEE
 693      00000000 
 694 0010 00000000 		.quad	_ZTCN8UnitTest15MemoryOutStreamE0_So+24
 694      00000000 
 695 0018 00000000 		.quad	_ZTCN8UnitTest15MemoryOutStreamE0_So+64
 695      00000000 
 696 0020 00000000 		.quad	_ZTCN8UnitTest15MemoryOutStreamE0_NSt7__cxx1119basic_ostringstreamIcSt11char_traitsIcESaIcEE
 696      00000000 
 697 0028 00000000 		.quad	_ZTVN8UnitTest15MemoryOutStreamE+64
 697      00000000 
 698              		.weak	_ZTVN8UnitTest15MemoryOutStreamE
 699              		.section	.data.rel.ro._ZTVN8UnitTest15MemoryOutStreamE,"awG",@progbits,_ZTVN8UnitTest15MemoryOutSt
 700              		.align 8
 703              	_ZTVN8UnitTest15MemoryOutStreamE:
 704 0000 90000000 		.quad	144
 704      00000000 
 705 0008 00000000 		.quad	0
 705      00000000 
 706 0010 00000000 		.quad	_ZTIN8UnitTest15MemoryOutStreamE
 706      00000000 
 707 0018 00000000 		.quad	_ZN8UnitTest15MemoryOutStreamD1Ev
 707      00000000 
 708 0020 00000000 		.quad	_ZN8UnitTest15MemoryOutStreamD0Ev
 708      00000000 
 709 0028 70FFFFFF 		.quad	-144
 709      FFFFFFFF 
 710 0030 70FFFFFF 		.quad	-144
 710      FFFFFFFF 
 711 0038 00000000 		.quad	_ZTIN8UnitTest15MemoryOutStreamE
 711      00000000 
 712 0040 00000000 		.quad	_ZTv0_n24_N8UnitTest15MemoryOutStreamD1Ev
 712      00000000 
 713 0048 00000000 		.quad	_ZTv0_n24_N8UnitTest15MemoryOutStreamD0Ev
 713      00000000 
 714              		.section	.data.rel.ro.local,"aw",@progbits
 715              		.align 8
 716              	.LC2:
 717 0000 00000000 		.quad	_ZTCN8UnitTest15MemoryOutStreamE0_NSt7__cxx1119basic_ostringstreamIcSt11char_traitsIcESaIcEE
 717      00000000 
 718              		.hidden	DW.ref.__gxx_personality_v0
 719              		.weak	DW.ref.__gxx_personality_v0
 720              		.section	.data.DW.ref.__gxx_personality_v0,"awG",@progbits,DW.ref.__gxx_personality_v0,comdat
 721              		.align 8
 724              	DW.ref.__gxx_personality_v0:
 725 0000 00000000 		.quad	__gxx_personality_v0
 725      00000000 
 726              		.ident	"GCC: (Ubuntu 7.2.0-8ubuntu3.2) 7.2.0"
 727              		.section	.note.GNU-stack,"",@progbits
DEFINED SYMBOLS
                            *ABS*:0000000000000000 Checks.cpp
     /tmp/cc0T2cRg.s:7      .text._ZN8UnitTest15MemoryOutStreamD1Ev:0000000000000000 _ZN8UnitTest15MemoryOutStreamD1Ev
     /tmp/cc0T2cRg.s:703    .data.rel.ro._ZTVN8UnitTest15MemoryOutStreamE:0000000000000000 _ZTVN8UnitTest15MemoryOutStreamE
     /tmp/cc0T2cRg.s:675    .data.rel.ro._ZTCN8UnitTest15MemoryOutStreamE0_NSt7__cxx1119basic_ostringstreamIcSt11char_traitsIcESaIcEEE:0000000000000000 _ZTCN8UnitTest15MemoryOutStreamE0_NSt7__cxx1119basic_ostringstreamIcSt11char_traitsIcESaIcEEE
     /tmp/cc0T2cRg.s:658    .data.rel.ro._ZTCN8UnitTest15MemoryOutStreamE0_So:0000000000000000 _ZTCN8UnitTest15MemoryOutStreamE0_So
     /tmp/cc0T2cRg.s:69     .text._ZN8UnitTest15MemoryOutStreamD0Ev:0000000000000000 _ZTv0_n24_N8UnitTest15MemoryOutStreamD0Ev
     /tmp/cc0T2cRg.s:724    .data.DW.ref.__gxx_personality_v0:0000000000000000 DW.ref.__gxx_personality_v0
     /tmp/cc0T2cRg.s:167    .text._ZN8UnitTest15MemoryOutStreamD1Ev:00000000000000c0 _ZTv0_n24_N8UnitTest15MemoryOutStreamD1Ev
     /tmp/cc0T2cRg.s:232    .text._ZN8UnitTest15MemoryOutStreamD0Ev:00000000000000e0 _ZN8UnitTest15MemoryOutStreamD0Ev
     /tmp/cc0T2cRg.s:331    .text:0000000000000000 _ZN8UnitTest12_GLOBAL__N_117CheckStringsEqualERNS_11TestResultsEPKcS4_RKNS_11TestDetailsE
     /tmp/cc0T2cRg.s:599    .text:0000000000000380 _ZN8UnitTest10CheckEqualERNS_11TestResultsEPKcS3_RKNS_11TestDetailsE
     /tmp/cc0T2cRg.s:609    .text:0000000000000390 _ZN8UnitTest10CheckEqualERNS_11TestResultsEPcS2_RKNS_11TestDetailsE
     /tmp/cc0T2cRg.s:619    .text:00000000000003a0 _ZN8UnitTest10CheckEqualERNS_11TestResultsEPcPKcRKNS_11TestDetailsE
     /tmp/cc0T2cRg.s:629    .text:00000000000003b0 _ZN8UnitTest10CheckEqualERNS_11TestResultsEPKcPcRKNS_11TestDetailsE
     /tmp/cc0T2cRg.s:641    .rodata._ZTSN8UnitTest15MemoryOutStreamE:0000000000000000 _ZTSN8UnitTest15MemoryOutStreamE
     /tmp/cc0T2cRg.s:648    .data.rel.ro._ZTIN8UnitTest15MemoryOutStreamE:0000000000000000 _ZTIN8UnitTest15MemoryOutStreamE
     /tmp/cc0T2cRg.s:691    .data.rel.ro._ZTTN8UnitTest15MemoryOutStreamE:0000000000000000 _ZTTN8UnitTest15MemoryOutStreamE
     /tmp/cc0T2cRg.s:324    .rodata.str1.1:0000000000000000 .LC0
     /tmp/cc0T2cRg.s:326    .rodata.str1.1:000000000000000a .LC1

UNDEFINED SYMBOLS
_GLOBAL_OFFSET_TABLE_
_ZdlPv
_ZTVNSt7__cxx1115basic_stringbufIcSt11char_traitsIcESaIcEEE
_ZTVSt15basic_streambufIcSt11char_traitsIcEE
_ZNSt6localeD1Ev
_ZTVSt9basic_iosIcSt11char_traitsIcEE
_ZNSt8ios_baseD2Ev
_Unwind_Resume
__gxx_personality_v0
strcmp
_ZNSt8ios_baseC2Ev
_ZNSt9basic_iosIcSt11char_traitsIcEE4initEPSt15basic_streambufIcS1_E
_ZNSt6localeC1Ev
_ZSt16__ostream_insertIcSt11char_traitsIcEERSt13basic_ostreamIT_T0_ES6_PKS3_l
strlen
_ZNK8UnitTest15MemoryOutStream7GetTextEv
_ZN8UnitTest11TestResults13OnTestFailureERKNS_11TestDetailsEPKc
__stack_chk_fail
_ZTVN10__cxxabiv120__si_class_type_infoE
_ZTINSt7__cxx1119basic_ostringstreamIcSt11char_traitsIcESaIcEEE
_ZTISo
